[5.984s] Invoking command in '/home/niklas/ros2_gui/src/my_gui': PYTHONPATH=/home/niklas/ros2_gui/build/my_gui/prefix_override:/home/niklas/ros2_gui/install/my_gui/lib/python3.10/site-packages:${PYTHONPATH} /usr/bin/python3 setup.py egg_info --egg-base ../../build/my_gui build --build-base /home/niklas/ros2_gui/build/my_gui/build install --record /home/niklas/ros2_gui/build/my_gui/install.log --single-version-externally-managed
[7.301s] running egg_info
[7.304s] writing ../../build/my_gui/my_gui.egg-info/PKG-INFO
[7.305s] writing dependency_links to ../../build/my_gui/my_gui.egg-info/dependency_links.txt
[7.305s] writing entry points to ../../build/my_gui/my_gui.egg-info/entry_points.txt
[7.306s] writing requirements to ../../build/my_gui/my_gui.egg-info/requires.txt
[7.307s] writing top-level names to ../../build/my_gui/my_gui.egg-info/top_level.txt
[7.315s] reading manifest file '../../build/my_gui/my_gui.egg-info/SOURCES.txt'
[7.318s] writing manifest file '../../build/my_gui/my_gui.egg-info/SOURCES.txt'
[7.319s] running build
[7.319s] running build_py
[7.320s] copying my_gui/my_gui_node.py -> /home/niklas/ros2_gui/build/my_gui/build/lib/my_gui
[7.321s] running install
[7.322s] running install_lib
[7.325s] copying /home/niklas/ros2_gui/build/my_gui/build/lib/my_gui/my_gui_node.py -> /home/niklas/ros2_gui/install/my_gui/lib/python3.10/site-packages/my_gui
[7.329s] byte-compiling /home/niklas/ros2_gui/install/my_gui/lib/python3.10/site-packages/my_gui/my_gui_node.py to my_gui_node.cpython-310.pyc
[7.332s] running install_data
[7.335s] running install_egg_info
[7.341s] removing '/home/niklas/ros2_gui/install/my_gui/lib/python3.10/site-packages/my_gui-0.0.0-py3.10.egg-info' (and everything under it)
[7.343s] Copying ../../build/my_gui/my_gui.egg-info to /home/niklas/ros2_gui/install/my_gui/lib/python3.10/site-packages/my_gui-0.0.0-py3.10.egg-info
[7.349s] running install_scripts
[7.430s] Installing gui_node script to /home/niklas/ros2_gui/install/my_gui/lib/my_gui
[7.432s] writing list of installed files to '/home/niklas/ros2_gui/build/my_gui/install.log'
[7.560s] Invoked command in '/home/niklas/ros2_gui/src/my_gui' returned '0': PYTHONPATH=/home/niklas/ros2_gui/build/my_gui/prefix_override:/home/niklas/ros2_gui/install/my_gui/lib/python3.10/site-packages:${PYTHONPATH} /usr/bin/python3 setup.py egg_info --egg-base ../../build/my_gui build --build-base /home/niklas/ros2_gui/build/my_gui/build install --record /home/niklas/ros2_gui/build/my_gui/install.log --single-version-externally-managed
