[5.724s] DEBUG:colcon:Command line arguments: ['/usr/bin/colcon', 'build']
[5.725s] DEBUG:colcon:Parsed command line arguments: Namespace(log_base=None, log_level=None, verb_name='build', build_base='build', install_base='install', merge_install=False, symlink_install=False, test_result_base=None, continue_on_error=False, executor='parallel', parallel_workers=4, event_handlers=None, ignore_user_meta=False, metas=['./colcon.meta'], base_paths=['.'], packages_ignore=None, packages_ignore_regex=None, paths=None, packages_up_to=None, packages_up_to_regex=None, packages_above=None, packages_above_and_dependencies=None, packages_above_depth=None, packages_select_by_dep=None, packages_skip_by_dep=None, packages_skip_up_to=None, packages_select_build_failed=False, packages_skip_build_finished=False, packages_select_test_failures=False, packages_skip_test_passed=False, packages_select=None, packages_skip=None, packages_select_regex=None, packages_skip_regex=None, packages_start=None, packages_end=None, allow_overriding=[], cmake_args=None, cmake_target=None, cmake_target_skip_unavailable=False, cmake_clean_cache=False, cmake_clean_first=False, cmake_force_configure=False, ament_cmake_args=None, catkin_cmake_args=None, catkin_skip_building_tests=False, verb_parser=<colcon_defaults.argument_parser.defaults.DefaultArgumentsDecorator object at 0xffffbc4cc640>, verb_extension=<colcon_core.verb.build.BuildVerb object at 0xffffbc7e0e20>, main=<bound method BuildVerb.main of <colcon_core.verb.build.BuildVerb object at 0xffffbc7e0e20>>)
[5.934s] Level 1:colcon.colcon_core.package_discovery:discover_packages(colcon_meta) check parameters
[5.934s] Level 1:colcon.colcon_core.package_discovery:discover_packages(recursive) check parameters
[5.934s] Level 1:colcon.colcon_core.package_discovery:discover_packages(ignore) check parameters
[5.934s] Level 1:colcon.colcon_core.package_discovery:discover_packages(path) check parameters
[5.934s] Level 1:colcon.colcon_core.package_discovery:discover_packages(colcon_meta) discover
[5.935s] Level 1:colcon.colcon_core.package_discovery:discover_packages(recursive) discover
[5.935s] INFO:colcon.colcon_core.package_discovery:Crawling recursively for packages in '/home/stereocamera/ros2_gui'
[5.936s] Level 1:colcon.colcon_core.package_identification:_identify(.) by extensions ['ignore', 'ignore_ament_install']
[5.936s] Level 1:colcon.colcon_core.package_identification:_identify(.) by extension 'ignore'
[5.936s] Level 1:colcon.colcon_core.package_identification:_identify(.) by extension 'ignore_ament_install'
[5.936s] Level 1:colcon.colcon_core.package_identification:_identify(.) by extensions ['colcon_pkg']
[5.937s] Level 1:colcon.colcon_core.package_identification:_identify(.) by extension 'colcon_pkg'
[5.937s] Level 1:colcon.colcon_core.package_identification:_identify(.) by extensions ['colcon_meta']
[5.937s] Level 1:colcon.colcon_core.package_identification:_identify(.) by extension 'colcon_meta'
[5.937s] Level 1:colcon.colcon_core.package_identification:_identify(.) by extensions ['ros']
[5.937s] Level 1:colcon.colcon_core.package_identification:_identify(.) by extension 'ros'
[5.983s] Level 1:colcon.colcon_core.package_identification:_identify(.) by extensions ['cmake', 'python']
[5.984s] Level 1:colcon.colcon_core.package_identification:_identify(.) by extension 'cmake'
[5.984s] Level 1:colcon.colcon_core.package_identification:_identify(.) by extension 'python'
[5.984s] Level 1:colcon.colcon_core.package_identification:_identify(.) by extensions ['python_setup_py']
[5.984s] Level 1:colcon.colcon_core.package_identification:_identify(.) by extension 'python_setup_py'
[5.985s] Level 1:colcon.colcon_core.package_identification:_identify(build) by extensions ['ignore', 'ignore_ament_install']
[5.985s] Level 1:colcon.colcon_core.package_identification:_identify(build) by extension 'ignore'
[5.985s] Level 1:colcon.colcon_core.package_identification:_identify(build) ignored
[5.986s] Level 1:colcon.colcon_core.package_identification:_identify(install) by extensions ['ignore', 'ignore_ament_install']
[5.986s] Level 1:colcon.colcon_core.package_identification:_identify(install) by extension 'ignore'
[5.986s] Level 1:colcon.colcon_core.package_identification:_identify(install) ignored
[5.987s] Level 1:colcon.colcon_core.package_identification:_identify(log) by extensions ['ignore', 'ignore_ament_install']
[5.987s] Level 1:colcon.colcon_core.package_identification:_identify(log) by extension 'ignore'
[5.988s] Level 1:colcon.colcon_core.package_identification:_identify(log) ignored
[5.988s] Level 1:colcon.colcon_core.package_identification:_identify(src) by extensions ['ignore', 'ignore_ament_install']
[5.988s] Level 1:colcon.colcon_core.package_identification:_identify(src) by extension 'ignore'
[5.988s] Level 1:colcon.colcon_core.package_identification:_identify(src) by extension 'ignore_ament_install'
[5.989s] Level 1:colcon.colcon_core.package_identification:_identify(src) by extensions ['colcon_pkg']
[5.989s] Level 1:colcon.colcon_core.package_identification:_identify(src) by extension 'colcon_pkg'
[5.989s] Level 1:colcon.colcon_core.package_identification:_identify(src) by extensions ['colcon_meta']
[5.989s] Level 1:colcon.colcon_core.package_identification:_identify(src) by extension 'colcon_meta'
[5.989s] Level 1:colcon.colcon_core.package_identification:_identify(src) by extensions ['ros']
[5.989s] Level 1:colcon.colcon_core.package_identification:_identify(src) by extension 'ros'
[5.990s] Level 1:colcon.colcon_core.package_identification:_identify(src) by extensions ['cmake', 'python']
[5.990s] Level 1:colcon.colcon_core.package_identification:_identify(src) by extension 'cmake'
[5.990s] Level 1:colcon.colcon_core.package_identification:_identify(src) by extension 'python'
[5.990s] Level 1:colcon.colcon_core.package_identification:_identify(src) by extensions ['python_setup_py']
[5.990s] Level 1:colcon.colcon_core.package_identification:_identify(src) by extension 'python_setup_py'
[5.991s] Level 1:colcon.colcon_core.package_identification:_identify(src/build) by extensions ['ignore', 'ignore_ament_install']
[5.991s] Level 1:colcon.colcon_core.package_identification:_identify(src/build) by extension 'ignore'
[5.991s] Level 1:colcon.colcon_core.package_identification:_identify(src/build) ignored
[5.992s] Level 1:colcon.colcon_core.package_identification:_identify(src/install) by extensions ['ignore', 'ignore_ament_install']
[5.992s] Level 1:colcon.colcon_core.package_identification:_identify(src/install) by extension 'ignore'
[5.992s] Level 1:colcon.colcon_core.package_identification:_identify(src/install) ignored
[5.993s] Level 1:colcon.colcon_core.package_identification:_identify(src/log) by extensions ['ignore', 'ignore_ament_install']
[5.993s] Level 1:colcon.colcon_core.package_identification:_identify(src/log) by extension 'ignore'
[5.993s] Level 1:colcon.colcon_core.package_identification:_identify(src/log) ignored
[5.993s] Level 1:colcon.colcon_core.package_identification:_identify(src/my_gui) by extensions ['ignore', 'ignore_ament_install']
[5.994s] Level 1:colcon.colcon_core.package_identification:_identify(src/my_gui) by extension 'ignore'
[5.994s] Level 1:colcon.colcon_core.package_identification:_identify(src/my_gui) by extension 'ignore_ament_install'
[5.994s] Level 1:colcon.colcon_core.package_identification:_identify(src/my_gui) by extensions ['colcon_pkg']
[5.994s] Level 1:colcon.colcon_core.package_identification:_identify(src/my_gui) by extension 'colcon_pkg'
[5.994s] Level 1:colcon.colcon_core.package_identification:_identify(src/my_gui) by extensions ['colcon_meta']
[5.995s] Level 1:colcon.colcon_core.package_identification:_identify(src/my_gui) by extension 'colcon_meta'
[5.995s] Level 1:colcon.colcon_core.package_identification:_identify(src/my_gui) by extensions ['ros']
[5.995s] Level 1:colcon.colcon_core.package_identification:_identify(src/my_gui) by extension 'ros'
[6.005s] DEBUG:colcon.colcon_core.package_identification:Package 'src/my_gui' with type 'ros.ament_python' and name 'my_gui'
[6.005s] Level 1:colcon.colcon_core.package_discovery:discover_packages(recursive) using defaults
[6.005s] Level 1:colcon.colcon_core.package_discovery:discover_packages(ignore) discover
[6.005s] Level 1:colcon.colcon_core.package_discovery:discover_packages(ignore) using defaults
[6.005s] Level 1:colcon.colcon_core.package_discovery:discover_packages(path) discover
[6.006s] Level 1:colcon.colcon_core.package_discovery:discover_packages(path) using defaults
[6.406s] Level 1:colcon.colcon_core.package_discovery:discover_packages(prefix_path) check parameters
[6.406s] Level 1:colcon.colcon_core.package_discovery:discover_packages(prefix_path) discover
[6.547s] DEBUG:colcon.colcon_installed_package_information.package_discovery:Found 1 installed packages in /home/stereocamera/ros2_stereo_camera_analyse/install
[6.614s] DEBUG:colcon.colcon_installed_package_information.package_discovery:Found 1 installed packages in /home/stereocamera/ros2_3D/install
[6.680s] DEBUG:colcon.colcon_installed_package_information.package_discovery:Found 1 installed packages in /home/stereocamera/ros2_gui/install
[6.752s] DEBUG:colcon.colcon_installed_package_information.package_discovery:Found 273 installed packages in /opt/ros/humble
[6.758s] Level 1:colcon.colcon_core.package_discovery:discover_packages(prefix_path) using defaults
[7.155s] Level 5:colcon.colcon_core.verb:set package 'my_gui' build argument 'cmake_args' from command line to 'None'
[7.156s] Level 5:colcon.colcon_core.verb:set package 'my_gui' build argument 'cmake_target' from command line to 'None'
[7.156s] Level 5:colcon.colcon_core.verb:set package 'my_gui' build argument 'cmake_target_skip_unavailable' from command line to 'False'
[7.156s] Level 5:colcon.colcon_core.verb:set package 'my_gui' build argument 'cmake_clean_cache' from command line to 'False'
[7.156s] Level 5:colcon.colcon_core.verb:set package 'my_gui' build argument 'cmake_clean_first' from command line to 'False'
[7.156s] Level 5:colcon.colcon_core.verb:set package 'my_gui' build argument 'cmake_force_configure' from command line to 'False'
[7.156s] Level 5:colcon.colcon_core.verb:set package 'my_gui' build argument 'ament_cmake_args' from command line to 'None'
[7.156s] Level 5:colcon.colcon_core.verb:set package 'my_gui' build argument 'catkin_cmake_args' from command line to 'None'
[7.156s] Level 5:colcon.colcon_core.verb:set package 'my_gui' build argument 'catkin_skip_building_tests' from command line to 'False'
[7.157s] DEBUG:colcon.colcon_core.verb:Building package 'my_gui' with the following arguments: {'ament_cmake_args': None, 'build_base': '/home/stereocamera/ros2_gui/build/my_gui', 'catkin_cmake_args': None, 'catkin_skip_building_tests': False, 'cmake_args': None, 'cmake_clean_cache': False, 'cmake_clean_first': False, 'cmake_force_configure': False, 'cmake_target': None, 'cmake_target_skip_unavailable': False, 'install_base': '/home/stereocamera/ros2_gui/install/my_gui', 'merge_install': False, 'path': '/home/stereocamera/ros2_gui/src/my_gui', 'symlink_install': False, 'test_result_base': None}
[7.221s] INFO:colcon.colcon_core.executor:Executing jobs using 'parallel' executor
[7.288s] DEBUG:colcon.colcon_parallel_executor.executor.parallel:run_until_complete
[7.289s] INFO:colcon.colcon_ros.task.ament_python.build:Building ROS package in '/home/stereocamera/ros2_gui/src/my_gui' with build type 'ament_python'
[7.290s] Level 1:colcon.colcon_core.shell:create_environment_hook('my_gui', 'ament_prefix_path')
[7.368s] INFO:colcon.colcon_core.plugin_system:Skipping extension 'colcon_core.shell.bat': Not used on non-Windows systems
[7.369s] INFO:colcon.colcon_core.shell:Creating environment hook '/home/stereocamera/ros2_gui/install/my_gui/share/my_gui/hook/ament_prefix_path.ps1'
[7.371s] INFO:colcon.colcon_core.shell:Creating environment descriptor '/home/stereocamera/ros2_gui/install/my_gui/share/my_gui/hook/ament_prefix_path.dsv'
[7.373s] INFO:colcon.colcon_core.shell:Creating environment hook '/home/stereocamera/ros2_gui/install/my_gui/share/my_gui/hook/ament_prefix_path.sh'
[7.446s] INFO:colcon.colcon_core.shell:Skip shell extension 'powershell' for command environment: Not usable outside of PowerShell
[7.447s] DEBUG:colcon.colcon_core.shell:Skip shell extension 'dsv' for command environment
[9.022s] INFO:colcon.colcon_core.task.python.build:Building Python package in '/home/stereocamera/ros2_gui/src/my_gui'
[9.096s] INFO:colcon.colcon_core.shell:Skip shell extension 'powershell' for command environment: Not usable outside of PowerShell
[9.096s] DEBUG:colcon.colcon_core.shell:Skip shell extension 'dsv' for command environment
[11.023s] DEBUG:colcon.colcon_core.event_handler.log_command:Invoking command in '/home/stereocamera/ros2_gui/src/my_gui': PYTHONPATH=/home/stereocamera/ros2_gui/build/my_gui/prefix_override:/home/stereocamera/ros2_gui/install/my_gui/lib/python3.10/site-packages:${PYTHONPATH} /usr/bin/python3 setup.py egg_info --egg-base ../../build/my_gui build --build-base /home/stereocamera/ros2_gui/build/my_gui/build install --record /home/stereocamera/ros2_gui/build/my_gui/install.log --single-version-externally-managed
[12.450s] DEBUG:colcon.colcon_core.event_handler.log_command:Invoked command in '/home/stereocamera/ros2_gui/src/my_gui' returned '0': PYTHONPATH=/home/stereocamera/ros2_gui/build/my_gui/prefix_override:/home/stereocamera/ros2_gui/install/my_gui/lib/python3.10/site-packages:${PYTHONPATH} /usr/bin/python3 setup.py egg_info --egg-base ../../build/my_gui build --build-base /home/stereocamera/ros2_gui/build/my_gui/build install --record /home/stereocamera/ros2_gui/build/my_gui/install.log --single-version-externally-managed
[12.572s] Level 1:colcon.colcon_core.environment:checking '/home/stereocamera/ros2_gui/install/my_gui' for CMake module files
[12.574s] Level 1:colcon.colcon_core.environment:checking '/home/stereocamera/ros2_gui/install/my_gui' for CMake config files
[12.578s] Level 1:colcon.colcon_core.environment:checking '/home/stereocamera/ros2_gui/install/my_gui/lib'
[12.579s] Level 1:colcon.colcon_core.environment:checking '/home/stereocamera/ros2_gui/install/my_gui/bin'
[12.579s] Level 1:colcon.colcon_core.environment:checking '/home/stereocamera/ros2_gui/install/my_gui/lib/pkgconfig/my_gui.pc'
[12.580s] Level 1:colcon.colcon_core.environment:checking '/home/stereocamera/ros2_gui/install/my_gui/lib/python3.10/site-packages'
[12.580s] Level 1:colcon.colcon_core.shell:create_environment_hook('my_gui', 'pythonpath')
[12.651s] INFO:colcon.colcon_core.shell:Creating environment hook '/home/stereocamera/ros2_gui/install/my_gui/share/my_gui/hook/pythonpath.ps1'
[12.653s] INFO:colcon.colcon_core.shell:Creating environment descriptor '/home/stereocamera/ros2_gui/install/my_gui/share/my_gui/hook/pythonpath.dsv'
[12.655s] INFO:colcon.colcon_core.shell:Creating environment hook '/home/stereocamera/ros2_gui/install/my_gui/share/my_gui/hook/pythonpath.sh'
[12.657s] Level 1:colcon.colcon_core.environment:checking '/home/stereocamera/ros2_gui/install/my_gui/bin'
[12.658s] Level 1:colcon.colcon_core.environment:create_environment_scripts_only(my_gui)
[12.731s] INFO:colcon.colcon_core.shell:Creating package script '/home/stereocamera/ros2_gui/install/my_gui/share/my_gui/package.ps1'
[12.735s] INFO:colcon.colcon_core.shell:Creating package descriptor '/home/stereocamera/ros2_gui/install/my_gui/share/my_gui/package.dsv'
[12.737s] INFO:colcon.colcon_core.shell:Creating package script '/home/stereocamera/ros2_gui/install/my_gui/share/my_gui/package.sh'
[12.741s] INFO:colcon.colcon_core.shell:Creating package script '/home/stereocamera/ros2_gui/install/my_gui/share/my_gui/package.bash'
[12.744s] INFO:colcon.colcon_core.shell:Creating package script '/home/stereocamera/ros2_gui/install/my_gui/share/my_gui/package.zsh'
[12.747s] Level 1:colcon.colcon_core.environment:create_file_with_runtime_dependencies(/home/stereocamera/ros2_gui/install/my_gui/share/colcon-core/packages/my_gui)
[12.748s] DEBUG:colcon.colcon_parallel_executor.executor.parallel:closing loop
[12.750s] DEBUG:colcon.colcon_parallel_executor.executor.parallel:loop closed
[12.750s] DEBUG:colcon.colcon_parallel_executor.executor.parallel:run_until_complete finished with '0'
[12.750s] DEBUG:colcon.colcon_core.event_reactor:joining thread
[12.844s] INFO:colcon.colcon_core.plugin_system:Skipping extension 'colcon_notification.desktop_notification.terminal_notifier': Not used on non-Darwin systems
[12.844s] INFO:colcon.colcon_core.plugin_system:Skipping extension 'colcon_notification.desktop_notification.win32': Not used on non-Windows systems
[12.844s] INFO:colcon.colcon_notification.desktop_notification:Sending desktop notification using 'notify2'
[12.895s] DEBUG:colcon.colcon_core.event_reactor:joined thread
[12.996s] INFO:colcon.colcon_core.shell:Creating prefix script '/home/stereocamera/ros2_gui/install/local_setup.ps1'
[13.002s] INFO:colcon.colcon_core.shell:Creating prefix util module '/home/stereocamera/ros2_gui/install/_local_setup_util_ps1.py'
[13.009s] INFO:colcon.colcon_core.shell:Creating prefix chain script '/home/stereocamera/ros2_gui/install/setup.ps1'
[13.100s] INFO:colcon.colcon_core.shell:Creating prefix script '/home/stereocamera/ros2_gui/install/local_setup.sh'
[13.103s] INFO:colcon.colcon_core.shell:Creating prefix util module '/home/stereocamera/ros2_gui/install/_local_setup_util_sh.py'
[13.105s] INFO:colcon.colcon_core.shell:Creating prefix chain script '/home/stereocamera/ros2_gui/install/setup.sh'
[13.175s] INFO:colcon.colcon_core.shell:Creating prefix script '/home/stereocamera/ros2_gui/install/local_setup.bash'
[13.177s] INFO:colcon.colcon_core.shell:Creating prefix chain script '/home/stereocamera/ros2_gui/install/setup.bash'
[13.252s] INFO:colcon.colcon_core.shell:Creating prefix script '/home/stereocamera/ros2_gui/install/local_setup.zsh'
[13.256s] INFO:colcon.colcon_core.shell:Creating prefix chain script '/home/stereocamera/ros2_gui/install/setup.zsh'
