[4.385s] Invoking command in '/home/niklas/ros2_gui/src/my_gui': PYTHONPATH=/home/niklas/ros2_gui/build/my_gui/prefix_override:/home/niklas/ros2_gui/install/my_gui/lib/python3.10/site-packages:${PYTHONPATH} /usr/bin/python3 setup.py egg_info --egg-base ../../build/my_gui build --build-base /home/niklas/ros2_gui/build/my_gui/build install --record /home/niklas/ros2_gui/build/my_gui/install.log --single-version-externally-managed
[5.751s] running egg_info
[5.753s] writing ../../build/my_gui/my_gui.egg-info/PKG-INFO
[5.754s] writing dependency_links to ../../build/my_gui/my_gui.egg-info/dependency_links.txt
[5.755s] writing entry points to ../../build/my_gui/my_gui.egg-info/entry_points.txt
[5.756s] writing requirements to ../../build/my_gui/my_gui.egg-info/requires.txt
[5.757s] writing top-level names to ../../build/my_gui/my_gui.egg-info/top_level.txt
[5.765s] reading manifest file '../../build/my_gui/my_gui.egg-info/SOURCES.txt'
[5.768s] writing manifest file '../../build/my_gui/my_gui.egg-info/SOURCES.txt'
[5.769s] running build
[5.769s] running build_py
[5.770s] copying my_gui/my_gui_node.py -> /home/niklas/ros2_gui/build/my_gui/build/lib/my_gui
[5.771s] running install
[5.773s] running install_lib
[5.780s] copying /home/niklas/ros2_gui/build/my_gui/build/lib/my_gui/my_gui_node.py -> /home/niklas/ros2_gui/install/my_gui/lib/python3.10/site-packages/my_gui
[5.787s] byte-compiling /home/niklas/ros2_gui/install/my_gui/lib/python3.10/site-packages/my_gui/my_gui_node.py to my_gui_node.cpython-310.pyc
[5.788s] running install_data
[5.790s] running install_egg_info
[5.797s] removing '/home/niklas/ros2_gui/install/my_gui/lib/python3.10/site-packages/my_gui-0.0.0-py3.10.egg-info' (and everything under it)
[5.799s] Copying ../../build/my_gui/my_gui.egg-info to /home/niklas/ros2_gui/install/my_gui/lib/python3.10/site-packages/my_gui-0.0.0-py3.10.egg-info
[5.805s] running install_scripts
[5.888s] Installing gui_node script to /home/niklas/ros2_gui/install/my_gui/lib/my_gui
[5.890s] writing list of installed files to '/home/niklas/ros2_gui/build/my_gui/install.log'
[6.022s] Invoked command in '/home/niklas/ros2_gui/src/my_gui' returned '0': PYTHONPATH=/home/niklas/ros2_gui/build/my_gui/prefix_override:/home/niklas/ros2_gui/install/my_gui/lib/python3.10/site-packages:${PYTHONPATH} /usr/bin/python3 setup.py egg_info --egg-base ../../build/my_gui build --build-base /home/niklas/ros2_gui/build/my_gui/build install --record /home/niklas/ros2_gui/build/my_gui/install.log --single-version-externally-managed
