[5.166s] DEBUG:colcon:Command line arguments: ['/usr/bin/colcon', 'build']
[5.166s] DEBUG:colcon:Parsed command line arguments: Namespace(log_base=None, log_level=None, verb_name='build', build_base='build', install_base='install', merge_install=False, symlink_install=False, test_result_base=None, continue_on_error=False, executor='parallel', parallel_workers=4, event_handlers=None, ignore_user_meta=False, metas=['./colcon.meta'], base_paths=['.'], packages_ignore=None, packages_ignore_regex=None, paths=None, packages_up_to=None, packages_up_to_regex=None, packages_above=None, packages_above_and_dependencies=None, packages_above_depth=None, packages_select_by_dep=None, packages_skip_by_dep=None, packages_skip_up_to=None, packages_select_build_failed=False, packages_skip_build_finished=False, packages_select_test_failures=False, packages_skip_test_passed=False, packages_select=None, packages_skip=None, packages_select_regex=None, packages_skip_regex=None, packages_start=None, packages_end=None, allow_overriding=[], cmake_args=None, cmake_target=None, cmake_target_skip_unavailable=False, cmake_clean_cache=False, cmake_clean_first=False, cmake_force_configure=False, ament_cmake_args=None, catkin_cmake_args=None, catkin_skip_building_tests=False, verb_parser=<colcon_defaults.argument_parser.defaults.DefaultArgumentsDecorator object at 0xffff9fdc7460>, verb_extension=<colcon_core.verb.build.BuildVerb object at 0xffffa028fe20>, main=<bound method BuildVerb.main of <colcon_core.verb.build.BuildVerb object at 0xffffa028fe20>>)
[5.386s] Level 1:colcon.colcon_core.package_discovery:discover_packages(colcon_meta) check parameters
[5.387s] Level 1:colcon.colcon_core.package_discovery:discover_packages(recursive) check parameters
[5.387s] Level 1:colcon.colcon_core.package_discovery:discover_packages(ignore) check parameters
[5.387s] Level 1:colcon.colcon_core.package_discovery:discover_packages(path) check parameters
[5.387s] Level 1:colcon.colcon_core.package_discovery:discover_packages(colcon_meta) discover
[5.387s] Level 1:colcon.colcon_core.package_discovery:discover_packages(recursive) discover
[5.387s] INFO:colcon.colcon_core.package_discovery:Crawling recursively for packages in '/home/niklas/ros2_gui'
[5.388s] Level 1:colcon.colcon_core.package_identification:_identify(.) by extensions ['ignore', 'ignore_ament_install']
[5.388s] Level 1:colcon.colcon_core.package_identification:_identify(.) by extension 'ignore'
[5.388s] Level 1:colcon.colcon_core.package_identification:_identify(.) by extension 'ignore_ament_install'
[5.389s] Level 1:colcon.colcon_core.package_identification:_identify(.) by extensions ['colcon_pkg']
[5.389s] Level 1:colcon.colcon_core.package_identification:_identify(.) by extension 'colcon_pkg'
[5.389s] Level 1:colcon.colcon_core.package_identification:_identify(.) by extensions ['colcon_meta']
[5.389s] Level 1:colcon.colcon_core.package_identification:_identify(.) by extension 'colcon_meta'
[5.389s] Level 1:colcon.colcon_core.package_identification:_identify(.) by extensions ['ros']
[5.389s] Level 1:colcon.colcon_core.package_identification:_identify(.) by extension 'ros'
[5.435s] Level 1:colcon.colcon_core.package_identification:_identify(.) by extensions ['cmake', 'python']
[5.435s] Level 1:colcon.colcon_core.package_identification:_identify(.) by extension 'cmake'
[5.436s] Level 1:colcon.colcon_core.package_identification:_identify(.) by extension 'python'
[5.436s] Level 1:colcon.colcon_core.package_identification:_identify(.) by extensions ['python_setup_py']
[5.436s] Level 1:colcon.colcon_core.package_identification:_identify(.) by extension 'python_setup_py'
[5.436s] Level 1:colcon.colcon_core.package_identification:_identify(build) by extensions ['ignore', 'ignore_ament_install']
[5.437s] Level 1:colcon.colcon_core.package_identification:_identify(build) by extension 'ignore'
[5.437s] Level 1:colcon.colcon_core.package_identification:_identify(build) ignored
[5.438s] Level 1:colcon.colcon_core.package_identification:_identify(install) by extensions ['ignore', 'ignore_ament_install']
[5.438s] Level 1:colcon.colcon_core.package_identification:_identify(install) by extension 'ignore'
[5.438s] Level 1:colcon.colcon_core.package_identification:_identify(install) ignored
[5.439s] Level 1:colcon.colcon_core.package_identification:_identify(log) by extensions ['ignore', 'ignore_ament_install']
[5.439s] Level 1:colcon.colcon_core.package_identification:_identify(log) by extension 'ignore'
[5.439s] Level 1:colcon.colcon_core.package_identification:_identify(log) ignored
[5.440s] Level 1:colcon.colcon_core.package_identification:_identify(src) by extensions ['ignore', 'ignore_ament_install']
[5.440s] Level 1:colcon.colcon_core.package_identification:_identify(src) by extension 'ignore'
[5.440s] Level 1:colcon.colcon_core.package_identification:_identify(src) by extension 'ignore_ament_install'
[5.440s] Level 1:colcon.colcon_core.package_identification:_identify(src) by extensions ['colcon_pkg']
[5.440s] Level 1:colcon.colcon_core.package_identification:_identify(src) by extension 'colcon_pkg'
[5.440s] Level 1:colcon.colcon_core.package_identification:_identify(src) by extensions ['colcon_meta']
[5.441s] Level 1:colcon.colcon_core.package_identification:_identify(src) by extension 'colcon_meta'
[5.441s] Level 1:colcon.colcon_core.package_identification:_identify(src) by extensions ['ros']
[5.441s] Level 1:colcon.colcon_core.package_identification:_identify(src) by extension 'ros'
[5.441s] Level 1:colcon.colcon_core.package_identification:_identify(src) by extensions ['cmake', 'python']
[5.441s] Level 1:colcon.colcon_core.package_identification:_identify(src) by extension 'cmake'
[5.441s] Level 1:colcon.colcon_core.package_identification:_identify(src) by extension 'python'
[5.442s] Level 1:colcon.colcon_core.package_identification:_identify(src) by extensions ['python_setup_py']
[5.442s] Level 1:colcon.colcon_core.package_identification:_identify(src) by extension 'python_setup_py'
[5.442s] Level 1:colcon.colcon_core.package_identification:_identify(src/build) by extensions ['ignore', 'ignore_ament_install']
[5.442s] Level 1:colcon.colcon_core.package_identification:_identify(src/build) by extension 'ignore'
[5.443s] Level 1:colcon.colcon_core.package_identification:_identify(src/build) ignored
[5.443s] Level 1:colcon.colcon_core.package_identification:_identify(src/install) by extensions ['ignore', 'ignore_ament_install']
[5.443s] Level 1:colcon.colcon_core.package_identification:_identify(src/install) by extension 'ignore'
[5.444s] Level 1:colcon.colcon_core.package_identification:_identify(src/install) ignored
[5.444s] Level 1:colcon.colcon_core.package_identification:_identify(src/log) by extensions ['ignore', 'ignore_ament_install']
[5.444s] Level 1:colcon.colcon_core.package_identification:_identify(src/log) by extension 'ignore'
[5.444s] Level 1:colcon.colcon_core.package_identification:_identify(src/log) ignored
[5.445s] Level 1:colcon.colcon_core.package_identification:_identify(src/my_gui) by extensions ['ignore', 'ignore_ament_install']
[5.445s] Level 1:colcon.colcon_core.package_identification:_identify(src/my_gui) by extension 'ignore'
[5.445s] Level 1:colcon.colcon_core.package_identification:_identify(src/my_gui) by extension 'ignore_ament_install'
[5.445s] Level 1:colcon.colcon_core.package_identification:_identify(src/my_gui) by extensions ['colcon_pkg']
[5.445s] Level 1:colcon.colcon_core.package_identification:_identify(src/my_gui) by extension 'colcon_pkg'
[5.446s] Level 1:colcon.colcon_core.package_identification:_identify(src/my_gui) by extensions ['colcon_meta']
[5.446s] Level 1:colcon.colcon_core.package_identification:_identify(src/my_gui) by extension 'colcon_meta'
[5.446s] Level 1:colcon.colcon_core.package_identification:_identify(src/my_gui) by extensions ['ros']
[5.446s] Level 1:colcon.colcon_core.package_identification:_identify(src/my_gui) by extension 'ros'
[5.456s] DEBUG:colcon.colcon_core.package_identification:Package 'src/my_gui' with type 'ros.ament_python' and name 'my_gui'
[5.456s] Level 1:colcon.colcon_core.package_discovery:discover_packages(recursive) using defaults
[5.456s] Level 1:colcon.colcon_core.package_discovery:discover_packages(ignore) discover
[5.456s] Level 1:colcon.colcon_core.package_discovery:discover_packages(ignore) using defaults
[5.457s] Level 1:colcon.colcon_core.package_discovery:discover_packages(path) discover
[5.457s] Level 1:colcon.colcon_core.package_discovery:discover_packages(path) using defaults
[5.901s] Level 1:colcon.colcon_core.package_discovery:discover_packages(prefix_path) check parameters
[5.901s] Level 1:colcon.colcon_core.package_discovery:discover_packages(prefix_path) discover
[6.053s] DEBUG:colcon.colcon_installed_package_information.package_discovery:Found 1 installed packages in /home/niklas/ros_3d/install
[6.163s] DEBUG:colcon.colcon_installed_package_information.package_discovery:Found 1 installed packages in /home/niklas/ros2_gui/install
[6.238s] DEBUG:colcon.colcon_installed_package_information.package_discovery:Found 1 installed packages in /home/niklas/ros2-stereo-camera-analyse/install
[6.319s] DEBUG:colcon.colcon_installed_package_information.package_discovery:Found 273 installed packages in /opt/ros/humble
[6.325s] Level 1:colcon.colcon_core.package_discovery:discover_packages(prefix_path) using defaults
[6.736s] Level 5:colcon.colcon_core.verb:set package 'my_gui' build argument 'cmake_args' from command line to 'None'
[6.736s] Level 5:colcon.colcon_core.verb:set package 'my_gui' build argument 'cmake_target' from command line to 'None'
[6.736s] Level 5:colcon.colcon_core.verb:set package 'my_gui' build argument 'cmake_target_skip_unavailable' from command line to 'False'
[6.737s] Level 5:colcon.colcon_core.verb:set package 'my_gui' build argument 'cmake_clean_cache' from command line to 'False'
[6.737s] Level 5:colcon.colcon_core.verb:set package 'my_gui' build argument 'cmake_clean_first' from command line to 'False'
[6.737s] Level 5:colcon.colcon_core.verb:set package 'my_gui' build argument 'cmake_force_configure' from command line to 'False'
[6.737s] Level 5:colcon.colcon_core.verb:set package 'my_gui' build argument 'ament_cmake_args' from command line to 'None'
[6.737s] Level 5:colcon.colcon_core.verb:set package 'my_gui' build argument 'catkin_cmake_args' from command line to 'None'
[6.737s] Level 5:colcon.colcon_core.verb:set package 'my_gui' build argument 'catkin_skip_building_tests' from command line to 'False'
[6.737s] DEBUG:colcon.colcon_core.verb:Building package 'my_gui' with the following arguments: {'ament_cmake_args': None, 'build_base': '/home/niklas/ros2_gui/build/my_gui', 'catkin_cmake_args': None, 'catkin_skip_building_tests': False, 'cmake_args': None, 'cmake_clean_cache': False, 'cmake_clean_first': False, 'cmake_force_configure': False, 'cmake_target': None, 'cmake_target_skip_unavailable': False, 'install_base': '/home/niklas/ros2_gui/install/my_gui', 'merge_install': False, 'path': '/home/niklas/ros2_gui/src/my_gui', 'symlink_install': False, 'test_result_base': None}
[6.810s] INFO:colcon.colcon_core.executor:Executing jobs using 'parallel' executor
[6.886s] DEBUG:colcon.colcon_parallel_executor.executor.parallel:run_until_complete
[6.887s] INFO:colcon.colcon_ros.task.ament_python.build:Building ROS package in '/home/niklas/ros2_gui/src/my_gui' with build type 'ament_python'
[6.888s] Level 1:colcon.colcon_core.shell:create_environment_hook('my_gui', 'ament_prefix_path')
[6.989s] INFO:colcon.colcon_core.plugin_system:Skipping extension 'colcon_core.shell.bat': Not used on non-Windows systems
[6.990s] INFO:colcon.colcon_core.shell:Creating environment hook '/home/niklas/ros2_gui/install/my_gui/share/my_gui/hook/ament_prefix_path.ps1'
[6.992s] INFO:colcon.colcon_core.shell:Creating environment descriptor '/home/niklas/ros2_gui/install/my_gui/share/my_gui/hook/ament_prefix_path.dsv'
[6.994s] INFO:colcon.colcon_core.shell:Creating environment hook '/home/niklas/ros2_gui/install/my_gui/share/my_gui/hook/ament_prefix_path.sh'
[7.087s] INFO:colcon.colcon_core.shell:Skip shell extension 'powershell' for command environment: Not usable outside of PowerShell
[7.088s] DEBUG:colcon.colcon_core.shell:Skip shell extension 'dsv' for command environment
[8.999s] INFO:colcon.colcon_core.task.python.build:Building Python package in '/home/niklas/ros2_gui/src/my_gui'
[9.085s] INFO:colcon.colcon_core.shell:Skip shell extension 'powershell' for command environment: Not usable outside of PowerShell
[9.085s] DEBUG:colcon.colcon_core.shell:Skip shell extension 'dsv' for command environment
[11.406s] DEBUG:colcon.colcon_core.event_handler.log_command:Invoking command in '/home/niklas/ros2_gui/src/my_gui': PYTHONPATH=/home/niklas/ros2_gui/build/my_gui/prefix_override:/home/niklas/ros2_gui/install/my_gui/lib/python3.10/site-packages:${PYTHONPATH} /usr/bin/python3 setup.py egg_info --egg-base ../../build/my_gui build --build-base /home/niklas/ros2_gui/build/my_gui/build install --record /home/niklas/ros2_gui/build/my_gui/install.log --single-version-externally-managed
[13.062s] DEBUG:colcon.colcon_core.event_handler.log_command:Invoked command in '/home/niklas/ros2_gui/src/my_gui' returned '0': PYTHONPATH=/home/niklas/ros2_gui/build/my_gui/prefix_override:/home/niklas/ros2_gui/install/my_gui/lib/python3.10/site-packages:${PYTHONPATH} /usr/bin/python3 setup.py egg_info --egg-base ../../build/my_gui build --build-base /home/niklas/ros2_gui/build/my_gui/build install --record /home/niklas/ros2_gui/build/my_gui/install.log --single-version-externally-managed
[13.167s] Level 1:colcon.colcon_core.environment:checking '/home/niklas/ros2_gui/install/my_gui' for CMake module files
[13.171s] Level 1:colcon.colcon_core.environment:checking '/home/niklas/ros2_gui/install/my_gui' for CMake config files
[13.180s] Level 1:colcon.colcon_core.environment:checking '/home/niklas/ros2_gui/install/my_gui/lib'
[13.181s] Level 1:colcon.colcon_core.environment:checking '/home/niklas/ros2_gui/install/my_gui/bin'
[13.182s] Level 1:colcon.colcon_core.environment:checking '/home/niklas/ros2_gui/install/my_gui/lib/pkgconfig/my_gui.pc'
[13.184s] Level 1:colcon.colcon_core.environment:checking '/home/niklas/ros2_gui/install/my_gui/lib/python3.10/site-packages'
[13.185s] Level 1:colcon.colcon_core.shell:create_environment_hook('my_gui', 'pythonpath')
[13.290s] INFO:colcon.colcon_core.shell:Creating environment hook '/home/niklas/ros2_gui/install/my_gui/share/my_gui/hook/pythonpath.ps1'
[13.292s] INFO:colcon.colcon_core.shell:Creating environment descriptor '/home/niklas/ros2_gui/install/my_gui/share/my_gui/hook/pythonpath.dsv'
[13.294s] INFO:colcon.colcon_core.shell:Creating environment hook '/home/niklas/ros2_gui/install/my_gui/share/my_gui/hook/pythonpath.sh'
[13.296s] Level 1:colcon.colcon_core.environment:checking '/home/niklas/ros2_gui/install/my_gui/bin'
[13.297s] Level 1:colcon.colcon_core.environment:create_environment_scripts_only(my_gui)
[13.375s] INFO:colcon.colcon_core.shell:Creating package script '/home/niklas/ros2_gui/install/my_gui/share/my_gui/package.ps1'
[13.380s] INFO:colcon.colcon_core.shell:Creating package descriptor '/home/niklas/ros2_gui/install/my_gui/share/my_gui/package.dsv'
[13.383s] INFO:colcon.colcon_core.shell:Creating package script '/home/niklas/ros2_gui/install/my_gui/share/my_gui/package.sh'
[13.387s] INFO:colcon.colcon_core.shell:Creating package script '/home/niklas/ros2_gui/install/my_gui/share/my_gui/package.bash'
[13.390s] INFO:colcon.colcon_core.shell:Creating package script '/home/niklas/ros2_gui/install/my_gui/share/my_gui/package.zsh'
[13.393s] Level 1:colcon.colcon_core.environment:create_file_with_runtime_dependencies(/home/niklas/ros2_gui/install/my_gui/share/colcon-core/packages/my_gui)
[13.395s] DEBUG:colcon.colcon_parallel_executor.executor.parallel:closing loop
[13.396s] DEBUG:colcon.colcon_parallel_executor.executor.parallel:loop closed
[13.397s] DEBUG:colcon.colcon_parallel_executor.executor.parallel:run_until_complete finished with '0'
[13.397s] DEBUG:colcon.colcon_core.event_reactor:joining thread
[13.519s] INFO:colcon.colcon_core.plugin_system:Skipping extension 'colcon_notification.desktop_notification.terminal_notifier': Not used on non-Darwin systems
[13.520s] INFO:colcon.colcon_core.plugin_system:Skipping extension 'colcon_notification.desktop_notification.win32': Not used on non-Windows systems
[13.520s] INFO:colcon.colcon_notification.desktop_notification:Sending desktop notification using 'notify2'
[13.576s] DEBUG:colcon.colcon_core.event_reactor:joined thread
[13.701s] INFO:colcon.colcon_core.shell:Creating prefix script '/home/niklas/ros2_gui/install/local_setup.ps1'
[13.708s] INFO:colcon.colcon_core.shell:Creating prefix util module '/home/niklas/ros2_gui/install/_local_setup_util_ps1.py'
[13.714s] INFO:colcon.colcon_core.shell:Creating prefix chain script '/home/niklas/ros2_gui/install/setup.ps1'
[13.811s] INFO:colcon.colcon_core.shell:Creating prefix script '/home/niklas/ros2_gui/install/local_setup.sh'
[13.814s] INFO:colcon.colcon_core.shell:Creating prefix util module '/home/niklas/ros2_gui/install/_local_setup_util_sh.py'
[13.816s] INFO:colcon.colcon_core.shell:Creating prefix chain script '/home/niklas/ros2_gui/install/setup.sh'
[13.908s] INFO:colcon.colcon_core.shell:Creating prefix script '/home/niklas/ros2_gui/install/local_setup.bash'
[13.911s] INFO:colcon.colcon_core.shell:Creating prefix chain script '/home/niklas/ros2_gui/install/setup.bash'
[14.008s] INFO:colcon.colcon_core.shell:Creating prefix script '/home/niklas/ros2_gui/install/local_setup.zsh'
[14.010s] INFO:colcon.colcon_core.shell:Creating prefix chain script '/home/niklas/ros2_gui/install/setup.zsh'
