[3.945s] Invoking command in '/home/stereocamera/ros2_gui/src/my_gui': PYTHONPATH=/home/stereocamera/ros2_gui/build/my_gui/prefix_override:/home/stereocamera/ros2_gui/install/my_gui/lib/python3.10/site-packages:${PYTHONPATH} /usr/bin/python3 setup.py egg_info --egg-base ../../build/my_gui build --build-base /home/stereocamera/ros2_gui/build/my_gui/build install --record /home/stereocamera/ros2_gui/build/my_gui/install.log --single-version-externally-managed
[5.131s] running egg_info
[5.134s] writing ../../build/my_gui/my_gui.egg-info/PKG-INFO
[5.136s] writing dependency_links to ../../build/my_gui/my_gui.egg-info/dependency_links.txt
[5.137s] writing entry points to ../../build/my_gui/my_gui.egg-info/entry_points.txt
[5.138s] writing requirements to ../../build/my_gui/my_gui.egg-info/requires.txt
[5.139s] writing top-level names to ../../build/my_gui/my_gui.egg-info/top_level.txt
[5.149s] reading manifest file '../../build/my_gui/my_gui.egg-info/SOURCES.txt'
[5.154s] writing manifest file '../../build/my_gui/my_gui.egg-info/SOURCES.txt'
[5.155s] running build
[5.155s] running build_py
[5.157s] copying my_gui/my_gui_node.py -> /home/stereocamera/ros2_gui/build/my_gui/build/lib/my_gui
[5.159s] running install
[5.160s] running install_lib
[5.165s] copying /home/stereocamera/ros2_gui/build/my_gui/build/lib/my_gui/my_gui_node.py -> /home/stereocamera/ros2_gui/install/my_gui/lib/python3.10/site-packages/my_gui
[5.168s] byte-compiling /home/stereocamera/ros2_gui/install/my_gui/lib/python3.10/site-packages/my_gui/my_gui_node.py to my_gui_node.cpython-310.pyc
[5.174s] running install_data
[5.177s] running install_egg_info
[5.184s] removing '/home/stereocamera/ros2_gui/install/my_gui/lib/python3.10/site-packages/my_gui-0.0.0-py3.10.egg-info' (and everything under it)
[5.186s] Copying ../../build/my_gui/my_gui.egg-info to /home/stereocamera/ros2_gui/install/my_gui/lib/python3.10/site-packages/my_gui-0.0.0-py3.10.egg-info
[5.193s] running install_scripts
[5.274s] Installing gui_node script to /home/stereocamera/ros2_gui/install/my_gui/lib/my_gui
[5.276s] writing list of installed files to '/home/stereocamera/ros2_gui/build/my_gui/install.log'
[5.426s] Invoked command in '/home/stereocamera/ros2_gui/src/my_gui' returned '0': PYTHONPATH=/home/stereocamera/ros2_gui/build/my_gui/prefix_override:/home/stereocamera/ros2_gui/install/my_gui/lib/python3.10/site-packages:${PYTHONPATH} /usr/bin/python3 setup.py egg_info --egg-base ../../build/my_gui build --build-base /home/stereocamera/ros2_gui/build/my_gui/build install --record /home/stereocamera/ros2_gui/build/my_gui/install.log --single-version-externally-managed
