[3.894s] Invoking command in '/home/stereocamera/ros2_gui/src/my_gui': PYTHONPATH=/home/stereocamera/ros2_gui/build/my_gui/prefix_override:/home/stereocamera/ros2_gui/install/my_gui/lib/python3.10/site-packages:${PYTHONPATH} /usr/bin/python3 setup.py egg_info --egg-base ../../build/my_gui build --build-base /home/stereocamera/ros2_gui/build/my_gui/build install --record /home/stereocamera/ros2_gui/build/my_gui/install.log --single-version-externally-managed
[5.090s] running egg_info
[5.093s] writing ../../build/my_gui/my_gui.egg-info/PKG-INFO
[5.094s] writing dependency_links to ../../build/my_gui/my_gui.egg-info/dependency_links.txt
[5.095s] writing entry points to ../../build/my_gui/my_gui.egg-info/entry_points.txt
[5.096s] writing requirements to ../../build/my_gui/my_gui.egg-info/requires.txt
[5.096s] writing top-level names to ../../build/my_gui/my_gui.egg-info/top_level.txt
[5.104s] reading manifest file '../../build/my_gui/my_gui.egg-info/SOURCES.txt'
[5.108s] writing manifest file '../../build/my_gui/my_gui.egg-info/SOURCES.txt'
[5.108s] running build
[5.109s] running build_py
[5.109s] copying my_gui/my_gui_node.py -> /home/stereocamera/ros2_gui/build/my_gui/build/lib/my_gui
[5.111s] running install
[5.112s] running install_lib
[5.115s] copying /home/stereocamera/ros2_gui/build/my_gui/build/lib/my_gui/my_gui_node.py -> /home/stereocamera/ros2_gui/install/my_gui/lib/python3.10/site-packages/my_gui
[5.118s] byte-compiling /home/stereocamera/ros2_gui/install/my_gui/lib/python3.10/site-packages/my_gui/my_gui_node.py to my_gui_node.cpython-310.pyc
[5.122s] running install_data
[5.124s] running install_egg_info
[5.131s] removing '/home/stereocamera/ros2_gui/install/my_gui/lib/python3.10/site-packages/my_gui-0.0.0-py3.10.egg-info' (and everything under it)
[5.133s] Copying ../../build/my_gui/my_gui.egg-info to /home/stereocamera/ros2_gui/install/my_gui/lib/python3.10/site-packages/my_gui-0.0.0-py3.10.egg-info
[5.139s] running install_scripts
[5.220s] Installing gui_node script to /home/stereocamera/ros2_gui/install/my_gui/lib/my_gui
[5.221s] writing list of installed files to '/home/stereocamera/ros2_gui/build/my_gui/install.log'
[5.353s] Invoked command in '/home/stereocamera/ros2_gui/src/my_gui' returned '0': PYTHONPATH=/home/stereocamera/ros2_gui/build/my_gui/prefix_override:/home/stereocamera/ros2_gui/install/my_gui/lib/python3.10/site-packages:${PYTHONPATH} /usr/bin/python3 setup.py egg_info --egg-base ../../build/my_gui build --build-base /home/stereocamera/ros2_gui/build/my_gui/build install --record /home/stereocamera/ros2_gui/build/my_gui/install.log --single-version-externally-managed
