[4.600s] DEBUG:colcon:Command line arguments: ['/usr/bin/colcon', 'build']
[4.600s] DEBUG:colcon:Parsed command line arguments: Namespace(log_base=None, log_level=None, verb_name='build', build_base='build', install_base='install', merge_install=False, symlink_install=False, test_result_base=None, continue_on_error=False, executor='parallel', parallel_workers=4, event_handlers=None, ignore_user_meta=False, metas=['./colcon.meta'], base_paths=['.'], packages_ignore=None, packages_ignore_regex=None, paths=None, packages_up_to=None, packages_up_to_regex=None, packages_above=None, packages_above_and_dependencies=None, packages_above_depth=None, packages_select_by_dep=None, packages_skip_by_dep=None, packages_skip_up_to=None, packages_select_build_failed=False, packages_skip_build_finished=False, packages_select_test_failures=False, packages_skip_test_passed=False, packages_select=None, packages_skip=None, packages_select_regex=None, packages_skip_regex=None, packages_start=None, packages_end=None, allow_overriding=[], cmake_args=None, cmake_target=None, cmake_target_skip_unavailable=False, cmake_clean_cache=False, cmake_clean_first=False, cmake_force_configure=False, ament_cmake_args=None, catkin_cmake_args=None, catkin_skip_building_tests=False, verb_parser=<colcon_defaults.argument_parser.defaults.DefaultArgumentsDecorator object at 0xffff8254c7f0>, verb_extension=<colcon_core.verb.build.BuildVerb object at 0xffff8285d180>, main=<bound method BuildVerb.main of <colcon_core.verb.build.BuildVerb object at 0xffff8285d180>>)
[4.805s] Level 1:colcon.colcon_core.package_discovery:discover_packages(colcon_meta) check parameters
[4.805s] Level 1:colcon.colcon_core.package_discovery:discover_packages(recursive) check parameters
[4.805s] Level 1:colcon.colcon_core.package_discovery:discover_packages(ignore) check parameters
[4.806s] Level 1:colcon.colcon_core.package_discovery:discover_packages(path) check parameters
[4.806s] Level 1:colcon.colcon_core.package_discovery:discover_packages(colcon_meta) discover
[4.806s] Level 1:colcon.colcon_core.package_discovery:discover_packages(recursive) discover
[4.806s] INFO:colcon.colcon_core.package_discovery:Crawling recursively for packages in '/home/stereocamera/ros2_gui'
[4.806s] Level 1:colcon.colcon_core.package_identification:_identify(.) by extensions ['ignore', 'ignore_ament_install']
[4.807s] Level 1:colcon.colcon_core.package_identification:_identify(.) by extension 'ignore'
[4.807s] Level 1:colcon.colcon_core.package_identification:_identify(.) by extension 'ignore_ament_install'
[4.808s] Level 1:colcon.colcon_core.package_identification:_identify(.) by extensions ['colcon_pkg']
[4.808s] Level 1:colcon.colcon_core.package_identification:_identify(.) by extension 'colcon_pkg'
[4.808s] Level 1:colcon.colcon_core.package_identification:_identify(.) by extensions ['colcon_meta']
[4.808s] Level 1:colcon.colcon_core.package_identification:_identify(.) by extension 'colcon_meta'
[4.808s] Level 1:colcon.colcon_core.package_identification:_identify(.) by extensions ['ros']
[4.808s] Level 1:colcon.colcon_core.package_identification:_identify(.) by extension 'ros'
[4.855s] Level 1:colcon.colcon_core.package_identification:_identify(.) by extensions ['cmake', 'python']
[4.856s] Level 1:colcon.colcon_core.package_identification:_identify(.) by extension 'cmake'
[4.856s] Level 1:colcon.colcon_core.package_identification:_identify(.) by extension 'python'
[4.856s] Level 1:colcon.colcon_core.package_identification:_identify(.) by extensions ['python_setup_py']
[4.856s] Level 1:colcon.colcon_core.package_identification:_identify(.) by extension 'python_setup_py'
[4.857s] Level 1:colcon.colcon_core.package_identification:_identify(build) by extensions ['ignore', 'ignore_ament_install']
[4.857s] Level 1:colcon.colcon_core.package_identification:_identify(build) by extension 'ignore'
[4.857s] Level 1:colcon.colcon_core.package_identification:_identify(build) ignored
[4.858s] Level 1:colcon.colcon_core.package_identification:_identify(install) by extensions ['ignore', 'ignore_ament_install']
[4.858s] Level 1:colcon.colcon_core.package_identification:_identify(install) by extension 'ignore'
[4.858s] Level 1:colcon.colcon_core.package_identification:_identify(install) ignored
[4.859s] Level 1:colcon.colcon_core.package_identification:_identify(log) by extensions ['ignore', 'ignore_ament_install']
[4.859s] Level 1:colcon.colcon_core.package_identification:_identify(log) by extension 'ignore'
[4.859s] Level 1:colcon.colcon_core.package_identification:_identify(log) ignored
[4.860s] Level 1:colcon.colcon_core.package_identification:_identify(src) by extensions ['ignore', 'ignore_ament_install']
[4.860s] Level 1:colcon.colcon_core.package_identification:_identify(src) by extension 'ignore'
[4.860s] Level 1:colcon.colcon_core.package_identification:_identify(src) by extension 'ignore_ament_install'
[4.860s] Level 1:colcon.colcon_core.package_identification:_identify(src) by extensions ['colcon_pkg']
[4.860s] Level 1:colcon.colcon_core.package_identification:_identify(src) by extension 'colcon_pkg'
[4.861s] Level 1:colcon.colcon_core.package_identification:_identify(src) by extensions ['colcon_meta']
[4.861s] Level 1:colcon.colcon_core.package_identification:_identify(src) by extension 'colcon_meta'
[4.861s] Level 1:colcon.colcon_core.package_identification:_identify(src) by extensions ['ros']
[4.861s] Level 1:colcon.colcon_core.package_identification:_identify(src) by extension 'ros'
[4.861s] Level 1:colcon.colcon_core.package_identification:_identify(src) by extensions ['cmake', 'python']
[4.861s] Level 1:colcon.colcon_core.package_identification:_identify(src) by extension 'cmake'
[4.862s] Level 1:colcon.colcon_core.package_identification:_identify(src) by extension 'python'
[4.862s] Level 1:colcon.colcon_core.package_identification:_identify(src) by extensions ['python_setup_py']
[4.862s] Level 1:colcon.colcon_core.package_identification:_identify(src) by extension 'python_setup_py'
[4.862s] Level 1:colcon.colcon_core.package_identification:_identify(src/build) by extensions ['ignore', 'ignore_ament_install']
[4.863s] Level 1:colcon.colcon_core.package_identification:_identify(src/build) by extension 'ignore'
[4.863s] Level 1:colcon.colcon_core.package_identification:_identify(src/build) ignored
[4.863s] Level 1:colcon.colcon_core.package_identification:_identify(src/install) by extensions ['ignore', 'ignore_ament_install']
[4.864s] Level 1:colcon.colcon_core.package_identification:_identify(src/install) by extension 'ignore'
[4.864s] Level 1:colcon.colcon_core.package_identification:_identify(src/install) ignored
[4.864s] Level 1:colcon.colcon_core.package_identification:_identify(src/log) by extensions ['ignore', 'ignore_ament_install']
[4.865s] Level 1:colcon.colcon_core.package_identification:_identify(src/log) by extension 'ignore'
[4.865s] Level 1:colcon.colcon_core.package_identification:_identify(src/log) ignored
[4.865s] Level 1:colcon.colcon_core.package_identification:_identify(src/my_gui) by extensions ['ignore', 'ignore_ament_install']
[4.865s] Level 1:colcon.colcon_core.package_identification:_identify(src/my_gui) by extension 'ignore'
[4.866s] Level 1:colcon.colcon_core.package_identification:_identify(src/my_gui) by extension 'ignore_ament_install'
[4.866s] Level 1:colcon.colcon_core.package_identification:_identify(src/my_gui) by extensions ['colcon_pkg']
[4.866s] Level 1:colcon.colcon_core.package_identification:_identify(src/my_gui) by extension 'colcon_pkg'
[4.866s] Level 1:colcon.colcon_core.package_identification:_identify(src/my_gui) by extensions ['colcon_meta']
[4.866s] Level 1:colcon.colcon_core.package_identification:_identify(src/my_gui) by extension 'colcon_meta'
[4.866s] Level 1:colcon.colcon_core.package_identification:_identify(src/my_gui) by extensions ['ros']
[4.866s] Level 1:colcon.colcon_core.package_identification:_identify(src/my_gui) by extension 'ros'
[4.876s] DEBUG:colcon.colcon_core.package_identification:Package 'src/my_gui' with type 'ros.ament_python' and name 'my_gui'
[4.877s] Level 1:colcon.colcon_core.package_discovery:discover_packages(recursive) using defaults
[4.877s] Level 1:colcon.colcon_core.package_discovery:discover_packages(ignore) discover
[4.877s] Level 1:colcon.colcon_core.package_discovery:discover_packages(ignore) using defaults
[4.877s] Level 1:colcon.colcon_core.package_discovery:discover_packages(path) discover
[4.877s] Level 1:colcon.colcon_core.package_discovery:discover_packages(path) using defaults
[5.292s] Level 1:colcon.colcon_core.package_discovery:discover_packages(prefix_path) check parameters
[5.292s] Level 1:colcon.colcon_core.package_discovery:discover_packages(prefix_path) discover
[5.428s] DEBUG:colcon.colcon_installed_package_information.package_discovery:Found 1 installed packages in /home/stereocamera/ros2_stereo_camera_analyse/install
[5.493s] DEBUG:colcon.colcon_installed_package_information.package_discovery:Found 1 installed packages in /home/stereocamera/ros2_3D/install
[5.558s] DEBUG:colcon.colcon_installed_package_information.package_discovery:Found 1 installed packages in /home/stereocamera/ros2_gui/install
[5.630s] DEBUG:colcon.colcon_installed_package_information.package_discovery:Found 273 installed packages in /opt/ros/humble
[5.636s] Level 1:colcon.colcon_core.package_discovery:discover_packages(prefix_path) using defaults
[6.038s] Level 5:colcon.colcon_core.verb:set package 'my_gui' build argument 'cmake_args' from command line to 'None'
[6.038s] Level 5:colcon.colcon_core.verb:set package 'my_gui' build argument 'cmake_target' from command line to 'None'
[6.039s] Level 5:colcon.colcon_core.verb:set package 'my_gui' build argument 'cmake_target_skip_unavailable' from command line to 'False'
[6.039s] Level 5:colcon.colcon_core.verb:set package 'my_gui' build argument 'cmake_clean_cache' from command line to 'False'
[6.039s] Level 5:colcon.colcon_core.verb:set package 'my_gui' build argument 'cmake_clean_first' from command line to 'False'
[6.039s] Level 5:colcon.colcon_core.verb:set package 'my_gui' build argument 'cmake_force_configure' from command line to 'False'
[6.039s] Level 5:colcon.colcon_core.verb:set package 'my_gui' build argument 'ament_cmake_args' from command line to 'None'
[6.039s] Level 5:colcon.colcon_core.verb:set package 'my_gui' build argument 'catkin_cmake_args' from command line to 'None'
[6.039s] Level 5:colcon.colcon_core.verb:set package 'my_gui' build argument 'catkin_skip_building_tests' from command line to 'False'
[6.040s] DEBUG:colcon.colcon_core.verb:Building package 'my_gui' with the following arguments: {'ament_cmake_args': None, 'build_base': '/home/stereocamera/ros2_gui/build/my_gui', 'catkin_cmake_args': None, 'catkin_skip_building_tests': False, 'cmake_args': None, 'cmake_clean_cache': False, 'cmake_clean_first': False, 'cmake_force_configure': False, 'cmake_target': None, 'cmake_target_skip_unavailable': False, 'install_base': '/home/stereocamera/ros2_gui/install/my_gui', 'merge_install': False, 'path': '/home/stereocamera/ros2_gui/src/my_gui', 'symlink_install': False, 'test_result_base': None}
[6.103s] INFO:colcon.colcon_core.executor:Executing jobs using 'parallel' executor
[6.169s] DEBUG:colcon.colcon_parallel_executor.executor.parallel:run_until_complete
[6.170s] INFO:colcon.colcon_ros.task.ament_python.build:Building ROS package in '/home/stereocamera/ros2_gui/src/my_gui' with build type 'ament_python'
[6.171s] Level 1:colcon.colcon_core.shell:create_environment_hook('my_gui', 'ament_prefix_path')
[6.259s] INFO:colcon.colcon_core.plugin_system:Skipping extension 'colcon_core.shell.bat': Not used on non-Windows systems
[6.260s] INFO:colcon.colcon_core.shell:Creating environment hook '/home/stereocamera/ros2_gui/install/my_gui/share/my_gui/hook/ament_prefix_path.ps1'
[6.262s] INFO:colcon.colcon_core.shell:Creating environment descriptor '/home/stereocamera/ros2_gui/install/my_gui/share/my_gui/hook/ament_prefix_path.dsv'
[6.264s] INFO:colcon.colcon_core.shell:Creating environment hook '/home/stereocamera/ros2_gui/install/my_gui/share/my_gui/hook/ament_prefix_path.sh'
[6.362s] INFO:colcon.colcon_core.shell:Skip shell extension 'powershell' for command environment: Not usable outside of PowerShell
[6.363s] DEBUG:colcon.colcon_core.shell:Skip shell extension 'dsv' for command environment
[8.018s] INFO:colcon.colcon_core.task.python.build:Building Python package in '/home/stereocamera/ros2_gui/src/my_gui'
[8.086s] INFO:colcon.colcon_core.shell:Skip shell extension 'powershell' for command environment: Not usable outside of PowerShell
[8.087s] DEBUG:colcon.colcon_core.shell:Skip shell extension 'dsv' for command environment
[10.066s] DEBUG:colcon.colcon_core.event_handler.log_command:Invoking command in '/home/stereocamera/ros2_gui/src/my_gui': PYTHONPATH=/home/stereocamera/ros2_gui/build/my_gui/prefix_override:/home/stereocamera/ros2_gui/install/my_gui/lib/python3.10/site-packages:${PYTHONPATH} /usr/bin/python3 setup.py egg_info --egg-base ../../build/my_gui build --build-base /home/stereocamera/ros2_gui/build/my_gui/build install --record /home/stereocamera/ros2_gui/build/my_gui/install.log --single-version-externally-managed
[11.525s] DEBUG:colcon.colcon_core.event_handler.log_command:Invoked command in '/home/stereocamera/ros2_gui/src/my_gui' returned '0': PYTHONPATH=/home/stereocamera/ros2_gui/build/my_gui/prefix_override:/home/stereocamera/ros2_gui/install/my_gui/lib/python3.10/site-packages:${PYTHONPATH} /usr/bin/python3 setup.py egg_info --egg-base ../../build/my_gui build --build-base /home/stereocamera/ros2_gui/build/my_gui/build install --record /home/stereocamera/ros2_gui/build/my_gui/install.log --single-version-externally-managed
[11.645s] Level 1:colcon.colcon_core.environment:checking '/home/stereocamera/ros2_gui/install/my_gui' for CMake module files
[11.647s] Level 1:colcon.colcon_core.environment:checking '/home/stereocamera/ros2_gui/install/my_gui' for CMake config files
[11.651s] Level 1:colcon.colcon_core.environment:checking '/home/stereocamera/ros2_gui/install/my_gui/lib'
[11.652s] Level 1:colcon.colcon_core.environment:checking '/home/stereocamera/ros2_gui/install/my_gui/bin'
[11.653s] Level 1:colcon.colcon_core.environment:checking '/home/stereocamera/ros2_gui/install/my_gui/lib/pkgconfig/my_gui.pc'
[11.654s] Level 1:colcon.colcon_core.environment:checking '/home/stereocamera/ros2_gui/install/my_gui/lib/python3.10/site-packages'
[11.654s] Level 1:colcon.colcon_core.shell:create_environment_hook('my_gui', 'pythonpath')
[11.723s] INFO:colcon.colcon_core.shell:Creating environment hook '/home/stereocamera/ros2_gui/install/my_gui/share/my_gui/hook/pythonpath.ps1'
[11.725s] INFO:colcon.colcon_core.shell:Creating environment descriptor '/home/stereocamera/ros2_gui/install/my_gui/share/my_gui/hook/pythonpath.dsv'
[11.728s] INFO:colcon.colcon_core.shell:Creating environment hook '/home/stereocamera/ros2_gui/install/my_gui/share/my_gui/hook/pythonpath.sh'
[11.730s] Level 1:colcon.colcon_core.environment:checking '/home/stereocamera/ros2_gui/install/my_gui/bin'
[11.731s] Level 1:colcon.colcon_core.environment:create_environment_scripts_only(my_gui)
[11.801s] INFO:colcon.colcon_core.shell:Creating package script '/home/stereocamera/ros2_gui/install/my_gui/share/my_gui/package.ps1'
[11.804s] INFO:colcon.colcon_core.shell:Creating package descriptor '/home/stereocamera/ros2_gui/install/my_gui/share/my_gui/package.dsv'
[11.807s] INFO:colcon.colcon_core.shell:Creating package script '/home/stereocamera/ros2_gui/install/my_gui/share/my_gui/package.sh'
[11.810s] INFO:colcon.colcon_core.shell:Creating package script '/home/stereocamera/ros2_gui/install/my_gui/share/my_gui/package.bash'
[11.814s] INFO:colcon.colcon_core.shell:Creating package script '/home/stereocamera/ros2_gui/install/my_gui/share/my_gui/package.zsh'
[11.817s] Level 1:colcon.colcon_core.environment:create_file_with_runtime_dependencies(/home/stereocamera/ros2_gui/install/my_gui/share/colcon-core/packages/my_gui)
[11.818s] DEBUG:colcon.colcon_parallel_executor.executor.parallel:closing loop
[11.820s] DEBUG:colcon.colcon_parallel_executor.executor.parallel:loop closed
[11.820s] DEBUG:colcon.colcon_parallel_executor.executor.parallel:run_until_complete finished with '0'
[11.820s] DEBUG:colcon.colcon_core.event_reactor:joining thread
[11.944s] INFO:colcon.colcon_core.plugin_system:Skipping extension 'colcon_notification.desktop_notification.terminal_notifier': Not used on non-Darwin systems
[11.944s] INFO:colcon.colcon_core.plugin_system:Skipping extension 'colcon_notification.desktop_notification.win32': Not used on non-Windows systems
[11.944s] INFO:colcon.colcon_notification.desktop_notification:Sending desktop notification using 'notify2'
[11.996s] DEBUG:colcon.colcon_core.event_reactor:joined thread
[12.110s] INFO:colcon.colcon_core.shell:Creating prefix script '/home/stereocamera/ros2_gui/install/local_setup.ps1'
[12.114s] INFO:colcon.colcon_core.shell:Creating prefix util module '/home/stereocamera/ros2_gui/install/_local_setup_util_ps1.py'
[12.120s] INFO:colcon.colcon_core.shell:Creating prefix chain script '/home/stereocamera/ros2_gui/install/setup.ps1'
[12.218s] INFO:colcon.colcon_core.shell:Creating prefix script '/home/stereocamera/ros2_gui/install/local_setup.sh'
[12.221s] INFO:colcon.colcon_core.shell:Creating prefix util module '/home/stereocamera/ros2_gui/install/_local_setup_util_sh.py'
[12.223s] INFO:colcon.colcon_core.shell:Creating prefix chain script '/home/stereocamera/ros2_gui/install/setup.sh'
[12.293s] INFO:colcon.colcon_core.shell:Creating prefix script '/home/stereocamera/ros2_gui/install/local_setup.bash'
[12.296s] INFO:colcon.colcon_core.shell:Creating prefix chain script '/home/stereocamera/ros2_gui/install/setup.bash'
[12.372s] INFO:colcon.colcon_core.shell:Creating prefix script '/home/stereocamera/ros2_gui/install/local_setup.zsh'
[12.375s] INFO:colcon.colcon_core.shell:Creating prefix chain script '/home/stereocamera/ros2_gui/install/setup.zsh'
