[7.685s] DEBUG:colcon:Command line arguments: ['/usr/bin/colcon', 'build']
[7.686s] DEBUG:colcon:Parsed command line arguments: Namespace(log_base=None, log_level=None, verb_name='build', build_base='build', install_base='install', merge_install=False, symlink_install=False, test_result_base=None, continue_on_error=False, executor='parallel', parallel_workers=4, event_handlers=None, ignore_user_meta=False, metas=['./colcon.meta'], base_paths=['.'], packages_ignore=None, packages_ignore_regex=None, paths=None, packages_up_to=None, packages_up_to_regex=None, packages_above=None, packages_above_and_dependencies=None, packages_above_depth=None, packages_select_by_dep=None, packages_skip_by_dep=None, packages_skip_up_to=None, packages_select_build_failed=False, packages_skip_build_finished=False, packages_select_test_failures=False, packages_skip_test_passed=False, packages_select=None, packages_skip=None, packages_select_regex=None, packages_skip_regex=None, packages_start=None, packages_end=None, allow_overriding=[], cmake_args=None, cmake_target=None, cmake_target_skip_unavailable=False, cmake_clean_cache=False, cmake_clean_first=False, cmake_force_configure=False, ament_cmake_args=None, catkin_cmake_args=None, catkin_skip_building_tests=False, verb_parser=<colcon_defaults.argument_parser.defaults.DefaultArgumentsDecorator object at 0xffff8b4574c0>, verb_extension=<colcon_core.verb.build.BuildVerb object at 0xffff8b903e20>, main=<bound method BuildVerb.main of <colcon_core.verb.build.BuildVerb object at 0xffff8b903e20>>)
[7.982s] Level 1:colcon.colcon_core.package_discovery:discover_packages(colcon_meta) check parameters
[7.983s] Level 1:colcon.colcon_core.package_discovery:discover_packages(recursive) check parameters
[7.983s] Level 1:colcon.colcon_core.package_discovery:discover_packages(ignore) check parameters
[7.983s] Level 1:colcon.colcon_core.package_discovery:discover_packages(path) check parameters
[7.983s] Level 1:colcon.colcon_core.package_discovery:discover_packages(colcon_meta) discover
[7.984s] Level 1:colcon.colcon_core.package_discovery:discover_packages(recursive) discover
[7.984s] INFO:colcon.colcon_core.package_discovery:Crawling recursively for packages in '/home/niklas/ros2_gui'
[7.984s] Level 1:colcon.colcon_core.package_identification:_identify(.) by extensions ['ignore', 'ignore_ament_install']
[7.985s] Level 1:colcon.colcon_core.package_identification:_identify(.) by extension 'ignore'
[7.985s] Level 1:colcon.colcon_core.package_identification:_identify(.) by extension 'ignore_ament_install'
[7.986s] Level 1:colcon.colcon_core.package_identification:_identify(.) by extensions ['colcon_pkg']
[7.986s] Level 1:colcon.colcon_core.package_identification:_identify(.) by extension 'colcon_pkg'
[7.986s] Level 1:colcon.colcon_core.package_identification:_identify(.) by extensions ['colcon_meta']
[7.986s] Level 1:colcon.colcon_core.package_identification:_identify(.) by extension 'colcon_meta'
[7.987s] Level 1:colcon.colcon_core.package_identification:_identify(.) by extensions ['ros']
[7.987s] Level 1:colcon.colcon_core.package_identification:_identify(.) by extension 'ros'
[8.038s] Level 1:colcon.colcon_core.package_identification:_identify(.) by extensions ['cmake', 'python']
[8.038s] Level 1:colcon.colcon_core.package_identification:_identify(.) by extension 'cmake'
[8.039s] Level 1:colcon.colcon_core.package_identification:_identify(.) by extension 'python'
[8.039s] Level 1:colcon.colcon_core.package_identification:_identify(.) by extensions ['python_setup_py']
[8.039s] Level 1:colcon.colcon_core.package_identification:_identify(.) by extension 'python_setup_py'
[8.040s] Level 1:colcon.colcon_core.package_identification:_identify(build) by extensions ['ignore', 'ignore_ament_install']
[8.040s] Level 1:colcon.colcon_core.package_identification:_identify(build) by extension 'ignore'
[8.040s] Level 1:colcon.colcon_core.package_identification:_identify(build) ignored
[8.041s] Level 1:colcon.colcon_core.package_identification:_identify(install) by extensions ['ignore', 'ignore_ament_install']
[8.041s] Level 1:colcon.colcon_core.package_identification:_identify(install) by extension 'ignore'
[8.042s] Level 1:colcon.colcon_core.package_identification:_identify(install) ignored
[8.042s] Level 1:colcon.colcon_core.package_identification:_identify(log) by extensions ['ignore', 'ignore_ament_install']
[8.043s] Level 1:colcon.colcon_core.package_identification:_identify(log) by extension 'ignore'
[8.043s] Level 1:colcon.colcon_core.package_identification:_identify(log) ignored
[8.043s] Level 1:colcon.colcon_core.package_identification:_identify(src) by extensions ['ignore', 'ignore_ament_install']
[8.044s] Level 1:colcon.colcon_core.package_identification:_identify(src) by extension 'ignore'
[8.044s] Level 1:colcon.colcon_core.package_identification:_identify(src) by extension 'ignore_ament_install'
[8.044s] Level 1:colcon.colcon_core.package_identification:_identify(src) by extensions ['colcon_pkg']
[8.044s] Level 1:colcon.colcon_core.package_identification:_identify(src) by extension 'colcon_pkg'
[8.045s] Level 1:colcon.colcon_core.package_identification:_identify(src) by extensions ['colcon_meta']
[8.045s] Level 1:colcon.colcon_core.package_identification:_identify(src) by extension 'colcon_meta'
[8.045s] Level 1:colcon.colcon_core.package_identification:_identify(src) by extensions ['ros']
[8.045s] Level 1:colcon.colcon_core.package_identification:_identify(src) by extension 'ros'
[8.046s] Level 1:colcon.colcon_core.package_identification:_identify(src) by extensions ['cmake', 'python']
[8.046s] Level 1:colcon.colcon_core.package_identification:_identify(src) by extension 'cmake'
[8.046s] Level 1:colcon.colcon_core.package_identification:_identify(src) by extension 'python'
[8.046s] Level 1:colcon.colcon_core.package_identification:_identify(src) by extensions ['python_setup_py']
[8.046s] Level 1:colcon.colcon_core.package_identification:_identify(src) by extension 'python_setup_py'
[8.047s] Level 1:colcon.colcon_core.package_identification:_identify(src/build) by extensions ['ignore', 'ignore_ament_install']
[8.047s] Level 1:colcon.colcon_core.package_identification:_identify(src/build) by extension 'ignore'
[8.047s] Level 1:colcon.colcon_core.package_identification:_identify(src/build) ignored
[8.048s] Level 1:colcon.colcon_core.package_identification:_identify(src/install) by extensions ['ignore', 'ignore_ament_install']
[8.048s] Level 1:colcon.colcon_core.package_identification:_identify(src/install) by extension 'ignore'
[8.049s] Level 1:colcon.colcon_core.package_identification:_identify(src/install) ignored
[8.049s] Level 1:colcon.colcon_core.package_identification:_identify(src/log) by extensions ['ignore', 'ignore_ament_install']
[8.049s] Level 1:colcon.colcon_core.package_identification:_identify(src/log) by extension 'ignore'
[8.050s] Level 1:colcon.colcon_core.package_identification:_identify(src/log) ignored
[8.050s] Level 1:colcon.colcon_core.package_identification:_identify(src/my_gui) by extensions ['ignore', 'ignore_ament_install']
[8.050s] Level 1:colcon.colcon_core.package_identification:_identify(src/my_gui) by extension 'ignore'
[8.051s] Level 1:colcon.colcon_core.package_identification:_identify(src/my_gui) by extension 'ignore_ament_install'
[8.051s] Level 1:colcon.colcon_core.package_identification:_identify(src/my_gui) by extensions ['colcon_pkg']
[8.051s] Level 1:colcon.colcon_core.package_identification:_identify(src/my_gui) by extension 'colcon_pkg'
[8.052s] Level 1:colcon.colcon_core.package_identification:_identify(src/my_gui) by extensions ['colcon_meta']
[8.052s] Level 1:colcon.colcon_core.package_identification:_identify(src/my_gui) by extension 'colcon_meta'
[8.052s] Level 1:colcon.colcon_core.package_identification:_identify(src/my_gui) by extensions ['ros']
[8.052s] Level 1:colcon.colcon_core.package_identification:_identify(src/my_gui) by extension 'ros'
[8.068s] DEBUG:colcon.colcon_core.package_identification:Package 'src/my_gui' with type 'ros.ament_python' and name 'my_gui'
[8.068s] Level 1:colcon.colcon_core.package_discovery:discover_packages(recursive) using defaults
[8.068s] Level 1:colcon.colcon_core.package_discovery:discover_packages(ignore) discover
[8.069s] Level 1:colcon.colcon_core.package_discovery:discover_packages(ignore) using defaults
[8.069s] Level 1:colcon.colcon_core.package_discovery:discover_packages(path) discover
[8.069s] Level 1:colcon.colcon_core.package_discovery:discover_packages(path) using defaults
[8.672s] Level 1:colcon.colcon_core.package_discovery:discover_packages(prefix_path) check parameters
[8.672s] Level 1:colcon.colcon_core.package_discovery:discover_packages(prefix_path) discover
[8.920s] DEBUG:colcon.colcon_installed_package_information.package_discovery:Found 1 installed packages in /home/niklas/ros_3d/install
[9.147s] DEBUG:colcon.colcon_installed_package_information.package_discovery:Found 1 installed packages in /home/niklas/ros2_gui/install
[9.246s] DEBUG:colcon.colcon_installed_package_information.package_discovery:Found 1 installed packages in /home/niklas/ros2-stereo-camera-analyse/install
[9.362s] DEBUG:colcon.colcon_installed_package_information.package_discovery:Found 273 installed packages in /opt/ros/humble
[9.370s] Level 1:colcon.colcon_core.package_discovery:discover_packages(prefix_path) using defaults
[9.966s] Level 5:colcon.colcon_core.verb:set package 'my_gui' build argument 'cmake_args' from command line to 'None'
[9.966s] Level 5:colcon.colcon_core.verb:set package 'my_gui' build argument 'cmake_target' from command line to 'None'
[9.966s] Level 5:colcon.colcon_core.verb:set package 'my_gui' build argument 'cmake_target_skip_unavailable' from command line to 'False'
[9.966s] Level 5:colcon.colcon_core.verb:set package 'my_gui' build argument 'cmake_clean_cache' from command line to 'False'
[9.966s] Level 5:colcon.colcon_core.verb:set package 'my_gui' build argument 'cmake_clean_first' from command line to 'False'
[9.967s] Level 5:colcon.colcon_core.verb:set package 'my_gui' build argument 'cmake_force_configure' from command line to 'False'
[9.967s] Level 5:colcon.colcon_core.verb:set package 'my_gui' build argument 'ament_cmake_args' from command line to 'None'
[9.967s] Level 5:colcon.colcon_core.verb:set package 'my_gui' build argument 'catkin_cmake_args' from command line to 'None'
[9.967s] Level 5:colcon.colcon_core.verb:set package 'my_gui' build argument 'catkin_skip_building_tests' from command line to 'False'
[9.967s] DEBUG:colcon.colcon_core.verb:Building package 'my_gui' with the following arguments: {'ament_cmake_args': None, 'build_base': '/home/niklas/ros2_gui/build/my_gui', 'catkin_cmake_args': None, 'catkin_skip_building_tests': False, 'cmake_args': None, 'cmake_clean_cache': False, 'cmake_clean_first': False, 'cmake_force_configure': False, 'cmake_target': None, 'cmake_target_skip_unavailable': False, 'install_base': '/home/niklas/ros2_gui/install/my_gui', 'merge_install': False, 'path': '/home/niklas/ros2_gui/src/my_gui', 'symlink_install': False, 'test_result_base': None}
[10.100s] INFO:colcon.colcon_core.executor:Executing jobs using 'parallel' executor
[10.219s] DEBUG:colcon.colcon_parallel_executor.executor.parallel:run_until_complete
[10.220s] INFO:colcon.colcon_ros.task.ament_python.build:Building ROS package in '/home/niklas/ros2_gui/src/my_gui' with build type 'ament_python'
[10.221s] Level 1:colcon.colcon_core.shell:create_environment_hook('my_gui', 'ament_prefix_path')
[10.372s] INFO:colcon.colcon_core.plugin_system:Skipping extension 'colcon_core.shell.bat': Not used on non-Windows systems
[10.373s] INFO:colcon.colcon_core.shell:Creating environment hook '/home/niklas/ros2_gui/install/my_gui/share/my_gui/hook/ament_prefix_path.ps1'
[10.377s] INFO:colcon.colcon_core.shell:Creating environment descriptor '/home/niklas/ros2_gui/install/my_gui/share/my_gui/hook/ament_prefix_path.dsv'
[10.379s] INFO:colcon.colcon_core.shell:Creating environment hook '/home/niklas/ros2_gui/install/my_gui/share/my_gui/hook/ament_prefix_path.sh'
[10.535s] INFO:colcon.colcon_core.shell:Skip shell extension 'powershell' for command environment: Not usable outside of PowerShell
[10.536s] DEBUG:colcon.colcon_core.shell:Skip shell extension 'dsv' for command environment
[12.782s] INFO:colcon.colcon_core.task.python.build:Building Python package in '/home/niklas/ros2_gui/src/my_gui'
[12.876s] INFO:colcon.colcon_core.shell:Skip shell extension 'powershell' for command environment: Not usable outside of PowerShell
[12.876s] DEBUG:colcon.colcon_core.shell:Skip shell extension 'dsv' for command environment
[15.324s] DEBUG:colcon.colcon_core.event_handler.log_command:Invoking command in '/home/niklas/ros2_gui/src/my_gui': PYTHONPATH=/home/niklas/ros2_gui/build/my_gui/prefix_override:/home/niklas/ros2_gui/install/my_gui/lib/python3.10/site-packages:${PYTHONPATH} /usr/bin/python3 setup.py egg_info --egg-base ../../build/my_gui build --build-base /home/niklas/ros2_gui/build/my_gui/build install --record /home/niklas/ros2_gui/build/my_gui/install.log --single-version-externally-managed
[17.029s] DEBUG:colcon.colcon_core.event_handler.log_command:Invoked command in '/home/niklas/ros2_gui/src/my_gui' returned '0': PYTHONPATH=/home/niklas/ros2_gui/build/my_gui/prefix_override:/home/niklas/ros2_gui/install/my_gui/lib/python3.10/site-packages:${PYTHONPATH} /usr/bin/python3 setup.py egg_info --egg-base ../../build/my_gui build --build-base /home/niklas/ros2_gui/build/my_gui/build install --record /home/niklas/ros2_gui/build/my_gui/install.log --single-version-externally-managed
[17.125s] Level 1:colcon.colcon_core.environment:checking '/home/niklas/ros2_gui/install/my_gui' for CMake module files
[17.128s] Level 1:colcon.colcon_core.environment:checking '/home/niklas/ros2_gui/install/my_gui' for CMake config files
[17.132s] Level 1:colcon.colcon_core.environment:checking '/home/niklas/ros2_gui/install/my_gui/lib'
[17.133s] Level 1:colcon.colcon_core.environment:checking '/home/niklas/ros2_gui/install/my_gui/bin'
[17.134s] Level 1:colcon.colcon_core.environment:checking '/home/niklas/ros2_gui/install/my_gui/lib/pkgconfig/my_gui.pc'
[17.135s] Level 1:colcon.colcon_core.environment:checking '/home/niklas/ros2_gui/install/my_gui/lib/python3.10/site-packages'
[17.135s] Level 1:colcon.colcon_core.shell:create_environment_hook('my_gui', 'pythonpath')
[17.212s] INFO:colcon.colcon_core.shell:Creating environment hook '/home/niklas/ros2_gui/install/my_gui/share/my_gui/hook/pythonpath.ps1'
[17.215s] INFO:colcon.colcon_core.shell:Creating environment descriptor '/home/niklas/ros2_gui/install/my_gui/share/my_gui/hook/pythonpath.dsv'
[17.219s] INFO:colcon.colcon_core.shell:Creating environment hook '/home/niklas/ros2_gui/install/my_gui/share/my_gui/hook/pythonpath.sh'
[17.222s] Level 1:colcon.colcon_core.environment:checking '/home/niklas/ros2_gui/install/my_gui/bin'
[17.223s] Level 1:colcon.colcon_core.environment:create_environment_scripts_only(my_gui)
[17.309s] INFO:colcon.colcon_core.shell:Creating package script '/home/niklas/ros2_gui/install/my_gui/share/my_gui/package.ps1'
[17.313s] INFO:colcon.colcon_core.shell:Creating package descriptor '/home/niklas/ros2_gui/install/my_gui/share/my_gui/package.dsv'
[17.319s] INFO:colcon.colcon_core.shell:Creating package script '/home/niklas/ros2_gui/install/my_gui/share/my_gui/package.sh'
[17.323s] INFO:colcon.colcon_core.shell:Creating package script '/home/niklas/ros2_gui/install/my_gui/share/my_gui/package.bash'
[17.327s] INFO:colcon.colcon_core.shell:Creating package script '/home/niklas/ros2_gui/install/my_gui/share/my_gui/package.zsh'
[17.331s] Level 1:colcon.colcon_core.environment:create_file_with_runtime_dependencies(/home/niklas/ros2_gui/install/my_gui/share/colcon-core/packages/my_gui)
[17.333s] DEBUG:colcon.colcon_parallel_executor.executor.parallel:closing loop
[17.334s] DEBUG:colcon.colcon_parallel_executor.executor.parallel:loop closed
[17.335s] DEBUG:colcon.colcon_parallel_executor.executor.parallel:run_until_complete finished with '0'
[17.335s] DEBUG:colcon.colcon_core.event_reactor:joining thread
[17.449s] INFO:colcon.colcon_core.plugin_system:Skipping extension 'colcon_notification.desktop_notification.terminal_notifier': Not used on non-Darwin systems
[17.449s] INFO:colcon.colcon_core.plugin_system:Skipping extension 'colcon_notification.desktop_notification.win32': Not used on non-Windows systems
[17.450s] INFO:colcon.colcon_notification.desktop_notification:Sending desktop notification using 'notify2'
[17.496s] DEBUG:colcon.colcon_core.event_reactor:joined thread
[17.612s] INFO:colcon.colcon_core.shell:Creating prefix script '/home/niklas/ros2_gui/install/local_setup.ps1'
[17.621s] INFO:colcon.colcon_core.shell:Creating prefix util module '/home/niklas/ros2_gui/install/_local_setup_util_ps1.py'
[17.633s] INFO:colcon.colcon_core.shell:Creating prefix chain script '/home/niklas/ros2_gui/install/setup.ps1'
[17.735s] INFO:colcon.colcon_core.shell:Creating prefix script '/home/niklas/ros2_gui/install/local_setup.sh'
[17.738s] INFO:colcon.colcon_core.shell:Creating prefix util module '/home/niklas/ros2_gui/install/_local_setup_util_sh.py'
[17.741s] INFO:colcon.colcon_core.shell:Creating prefix chain script '/home/niklas/ros2_gui/install/setup.sh'
[17.845s] INFO:colcon.colcon_core.shell:Creating prefix script '/home/niklas/ros2_gui/install/local_setup.bash'
[17.848s] INFO:colcon.colcon_core.shell:Creating prefix chain script '/home/niklas/ros2_gui/install/setup.bash'
[17.949s] INFO:colcon.colcon_core.shell:Creating prefix script '/home/niklas/ros2_gui/install/local_setup.zsh'
[17.952s] INFO:colcon.colcon_core.shell:Creating prefix chain script '/home/niklas/ros2_gui/install/setup.zsh'
