running egg_info
creating ../build/my_gui/my_gui.egg-info
writing ../build/my_gui/my_gui.egg-info/PKG-INFO
writing dependency_links to ../build/my_gui/my_gui.egg-info/dependency_links.txt
writing entry points to ../build/my_gui/my_gui.egg-info/entry_points.txt
writing requirements to ../build/my_gui/my_gui.egg-info/requires.txt
writing top-level names to ../build/my_gui/my_gui.egg-info/top_level.txt
writing manifest file '../build/my_gui/my_gui.egg-info/SOURCES.txt'
reading manifest file '../build/my_gui/my_gui.egg-info/SOURCES.txt'
writing manifest file '../build/my_gui/my_gui.egg-info/SOURCES.txt'
running build
running build_py
creating /home/niklas/ros2_gui/src/build/my_gui/build
creating /home/niklas/ros2_gui/src/build/my_gui/build/lib
creating /home/niklas/ros2_gui/src/build/my_gui/build/lib/my_gui
copying my_gui/my_gui_node.py -> /home/niklas/ros2_gui/src/build/my_gui/build/lib/my_gui
copying my_gui/__init__.py -> /home/niklas/ros2_gui/src/build/my_gui/build/lib/my_gui
running install
running install_lib
creating /home/niklas/ros2_gui/src/install/my_gui/lib/python3.10/site-packages/my_gui
copying /home/niklas/ros2_gui/src/build/my_gui/build/lib/my_gui/my_gui_node.py -> /home/niklas/ros2_gui/src/install/my_gui/lib/python3.10/site-packages/my_gui
copying /home/niklas/ros2_gui/src/build/my_gui/build/lib/my_gui/__init__.py -> /home/niklas/ros2_gui/src/install/my_gui/lib/python3.10/site-packages/my_gui
byte-compiling /home/niklas/ros2_gui/src/install/my_gui/lib/python3.10/site-packages/my_gui/my_gui_node.py to my_gui_node.cpython-310.pyc
byte-compiling /home/niklas/ros2_gui/src/install/my_gui/lib/python3.10/site-packages/my_gui/__init__.py to __init__.cpython-310.pyc
running install_data
creating /home/niklas/ros2_gui/src/install/my_gui/share/ament_index
creating /home/niklas/ros2_gui/src/install/my_gui/share/ament_index/resource_index
creating /home/niklas/ros2_gui/src/install/my_gui/share/ament_index/resource_index/packages
copying resource/my_gui -> /home/niklas/ros2_gui/src/install/my_gui/share/ament_index/resource_index/packages
copying package.xml -> /home/niklas/ros2_gui/src/install/my_gui/share/my_gui
running install_egg_info
Copying ../build/my_gui/my_gui.egg-info to /home/niklas/ros2_gui/src/install/my_gui/lib/python3.10/site-packages/my_gui-0.0.0-py3.10.egg-info
running install_scripts
writing list of installed files to '/home/niklas/ros2_gui/src/build/my_gui/install.log'
