[8.552s] Invoking command in '/home/stereocamera/ros2_gui/src/my_gui': PYTHONPATH=/home/stereocamera/ros2_gui/build/my_gui/prefix_override:/home/stereocamera/ros2_gui/install/my_gui/lib/python3.10/site-packages:${PYTHONPATH} /usr/bin/python3 setup.py egg_info --egg-base ../../build/my_gui build --build-base /home/stereocamera/ros2_gui/build/my_gui/build install --record /home/stereocamera/ros2_gui/build/my_gui/install.log --single-version-externally-managed
[10.098s] running egg_info
[10.101s] writing ../../build/my_gui/my_gui.egg-info/PKG-INFO
[10.103s] writing dependency_links to ../../build/my_gui/my_gui.egg-info/dependency_links.txt
[10.104s] writing entry points to ../../build/my_gui/my_gui.egg-info/entry_points.txt
[10.104s] writing requirements to ../../build/my_gui/my_gui.egg-info/requires.txt
[10.105s] writing top-level names to ../../build/my_gui/my_gui.egg-info/top_level.txt
[10.114s] reading manifest file '../../build/my_gui/my_gui.egg-info/SOURCES.txt'
[10.118s] writing manifest file '../../build/my_gui/my_gui.egg-info/SOURCES.txt'
[10.118s] running build
[10.119s] running build_py
[10.122s] copying my_gui/my_gui_node.py -> /home/stereocamera/ros2_gui/build/my_gui/build/lib/my_gui
[10.123s] running install
[10.124s] running install_lib
[10.128s] copying /home/stereocamera/ros2_gui/build/my_gui/build/lib/my_gui/my_gui_node.py -> /home/stereocamera/ros2_gui/install/my_gui/lib/python3.10/site-packages/my_gui
[10.131s] byte-compiling /home/stereocamera/ros2_gui/install/my_gui/lib/python3.10/site-packages/my_gui/my_gui_node.py to my_gui_node.cpython-310.pyc
[10.135s] running install_data
[10.138s] running install_egg_info
[10.144s] removing '/home/stereocamera/ros2_gui/install/my_gui/lib/python3.10/site-packages/my_gui-0.0.0-py3.10.egg-info' (and everything under it)
[10.146s] Copying ../../build/my_gui/my_gui.egg-info to /home/stereocamera/ros2_gui/install/my_gui/lib/python3.10/site-packages/my_gui-0.0.0-py3.10.egg-info
[10.153s] running install_scripts
[10.232s] Installing gui_node script to /home/stereocamera/ros2_gui/install/my_gui/lib/my_gui
[10.235s] writing list of installed files to '/home/stereocamera/ros2_gui/build/my_gui/install.log'
[10.366s] Invoked command in '/home/stereocamera/ros2_gui/src/my_gui' returned '0': PYTHONPATH=/home/stereocamera/ros2_gui/build/my_gui/prefix_override:/home/stereocamera/ros2_gui/install/my_gui/lib/python3.10/site-packages:${PYTHONPATH} /usr/bin/python3 setup.py egg_info --egg-base ../../build/my_gui build --build-base /home/stereocamera/ros2_gui/build/my_gui/build install --record /home/stereocamera/ros2_gui/build/my_gui/install.log --single-version-externally-managed
