[5.252s] DEBUG:colcon:Command line arguments: ['/usr/bin/colcon', 'build']
[5.253s] DEBUG:colcon:Parsed command line arguments: Namespace(log_base=None, log_level=None, verb_name='build', build_base='build', install_base='install', merge_install=False, symlink_install=False, test_result_base=None, continue_on_error=False, executor='parallel', parallel_workers=4, event_handlers=None, ignore_user_meta=False, metas=['./colcon.meta'], base_paths=['.'], packages_ignore=None, packages_ignore_regex=None, paths=None, packages_up_to=None, packages_up_to_regex=None, packages_above=None, packages_above_and_dependencies=None, packages_above_depth=None, packages_select_by_dep=None, packages_skip_by_dep=None, packages_skip_up_to=None, packages_select_build_failed=False, packages_skip_build_finished=False, packages_select_test_failures=False, packages_skip_test_passed=False, packages_select=None, packages_skip=None, packages_select_regex=None, packages_skip_regex=None, packages_start=None, packages_end=None, allow_overriding=[], cmake_args=None, cmake_target=None, cmake_target_skip_unavailable=False, cmake_clean_cache=False, cmake_clean_first=False, cmake_force_configure=False, ament_cmake_args=None, catkin_cmake_args=None, catkin_skip_building_tests=False, verb_parser=<colcon_defaults.argument_parser.defaults.DefaultArgumentsDecorator object at 0xffffab8f73d0>, verb_extension=<colcon_core.verb.build.BuildVerb object at 0xffffabd9fe20>, main=<bound method BuildVerb.main of <colcon_core.verb.build.BuildVerb object at 0xffffabd9fe20>>)
[5.478s] Level 1:colcon.colcon_core.package_discovery:discover_packages(colcon_meta) check parameters
[5.478s] Level 1:colcon.colcon_core.package_discovery:discover_packages(recursive) check parameters
[5.479s] Level 1:colcon.colcon_core.package_discovery:discover_packages(ignore) check parameters
[5.479s] Level 1:colcon.colcon_core.package_discovery:discover_packages(path) check parameters
[5.479s] Level 1:colcon.colcon_core.package_discovery:discover_packages(colcon_meta) discover
[5.479s] Level 1:colcon.colcon_core.package_discovery:discover_packages(recursive) discover
[5.479s] INFO:colcon.colcon_core.package_discovery:Crawling recursively for packages in '/home/niklas/ros2_gui'
[5.480s] Level 1:colcon.colcon_core.package_identification:_identify(.) by extensions ['ignore', 'ignore_ament_install']
[5.480s] Level 1:colcon.colcon_core.package_identification:_identify(.) by extension 'ignore'
[5.480s] Level 1:colcon.colcon_core.package_identification:_identify(.) by extension 'ignore_ament_install'
[5.480s] Level 1:colcon.colcon_core.package_identification:_identify(.) by extensions ['colcon_pkg']
[5.481s] Level 1:colcon.colcon_core.package_identification:_identify(.) by extension 'colcon_pkg'
[5.481s] Level 1:colcon.colcon_core.package_identification:_identify(.) by extensions ['colcon_meta']
[5.481s] Level 1:colcon.colcon_core.package_identification:_identify(.) by extension 'colcon_meta'
[5.481s] Level 1:colcon.colcon_core.package_identification:_identify(.) by extensions ['ros']
[5.481s] Level 1:colcon.colcon_core.package_identification:_identify(.) by extension 'ros'
[5.527s] Level 1:colcon.colcon_core.package_identification:_identify(.) by extensions ['cmake', 'python']
[5.527s] Level 1:colcon.colcon_core.package_identification:_identify(.) by extension 'cmake'
[5.528s] Level 1:colcon.colcon_core.package_identification:_identify(.) by extension 'python'
[5.528s] Level 1:colcon.colcon_core.package_identification:_identify(.) by extensions ['python_setup_py']
[5.528s] Level 1:colcon.colcon_core.package_identification:_identify(.) by extension 'python_setup_py'
[5.529s] Level 1:colcon.colcon_core.package_identification:_identify(build) by extensions ['ignore', 'ignore_ament_install']
[5.529s] Level 1:colcon.colcon_core.package_identification:_identify(build) by extension 'ignore'
[5.529s] Level 1:colcon.colcon_core.package_identification:_identify(build) ignored
[5.530s] Level 1:colcon.colcon_core.package_identification:_identify(install) by extensions ['ignore', 'ignore_ament_install']
[5.530s] Level 1:colcon.colcon_core.package_identification:_identify(install) by extension 'ignore'
[5.530s] Level 1:colcon.colcon_core.package_identification:_identify(install) ignored
[5.531s] Level 1:colcon.colcon_core.package_identification:_identify(log) by extensions ['ignore', 'ignore_ament_install']
[5.531s] Level 1:colcon.colcon_core.package_identification:_identify(log) by extension 'ignore'
[5.531s] Level 1:colcon.colcon_core.package_identification:_identify(log) ignored
[5.532s] Level 1:colcon.colcon_core.package_identification:_identify(src) by extensions ['ignore', 'ignore_ament_install']
[5.532s] Level 1:colcon.colcon_core.package_identification:_identify(src) by extension 'ignore'
[5.532s] Level 1:colcon.colcon_core.package_identification:_identify(src) by extension 'ignore_ament_install'
[5.532s] Level 1:colcon.colcon_core.package_identification:_identify(src) by extensions ['colcon_pkg']
[5.532s] Level 1:colcon.colcon_core.package_identification:_identify(src) by extension 'colcon_pkg'
[5.533s] Level 1:colcon.colcon_core.package_identification:_identify(src) by extensions ['colcon_meta']
[5.533s] Level 1:colcon.colcon_core.package_identification:_identify(src) by extension 'colcon_meta'
[5.533s] Level 1:colcon.colcon_core.package_identification:_identify(src) by extensions ['ros']
[5.533s] Level 1:colcon.colcon_core.package_identification:_identify(src) by extension 'ros'
[5.533s] Level 1:colcon.colcon_core.package_identification:_identify(src) by extensions ['cmake', 'python']
[5.533s] Level 1:colcon.colcon_core.package_identification:_identify(src) by extension 'cmake'
[5.534s] Level 1:colcon.colcon_core.package_identification:_identify(src) by extension 'python'
[5.534s] Level 1:colcon.colcon_core.package_identification:_identify(src) by extensions ['python_setup_py']
[5.534s] Level 1:colcon.colcon_core.package_identification:_identify(src) by extension 'python_setup_py'
[5.534s] Level 1:colcon.colcon_core.package_identification:_identify(src/build) by extensions ['ignore', 'ignore_ament_install']
[5.535s] Level 1:colcon.colcon_core.package_identification:_identify(src/build) by extension 'ignore'
[5.535s] Level 1:colcon.colcon_core.package_identification:_identify(src/build) ignored
[5.535s] Level 1:colcon.colcon_core.package_identification:_identify(src/install) by extensions ['ignore', 'ignore_ament_install']
[5.535s] Level 1:colcon.colcon_core.package_identification:_identify(src/install) by extension 'ignore'
[5.536s] Level 1:colcon.colcon_core.package_identification:_identify(src/install) ignored
[5.536s] Level 1:colcon.colcon_core.package_identification:_identify(src/log) by extensions ['ignore', 'ignore_ament_install']
[5.536s] Level 1:colcon.colcon_core.package_identification:_identify(src/log) by extension 'ignore'
[5.536s] Level 1:colcon.colcon_core.package_identification:_identify(src/log) ignored
[5.537s] Level 1:colcon.colcon_core.package_identification:_identify(src/my_gui) by extensions ['ignore', 'ignore_ament_install']
[5.537s] Level 1:colcon.colcon_core.package_identification:_identify(src/my_gui) by extension 'ignore'
[5.537s] Level 1:colcon.colcon_core.package_identification:_identify(src/my_gui) by extension 'ignore_ament_install'
[5.538s] Level 1:colcon.colcon_core.package_identification:_identify(src/my_gui) by extensions ['colcon_pkg']
[5.538s] Level 1:colcon.colcon_core.package_identification:_identify(src/my_gui) by extension 'colcon_pkg'
[5.538s] Level 1:colcon.colcon_core.package_identification:_identify(src/my_gui) by extensions ['colcon_meta']
[5.538s] Level 1:colcon.colcon_core.package_identification:_identify(src/my_gui) by extension 'colcon_meta'
[5.538s] Level 1:colcon.colcon_core.package_identification:_identify(src/my_gui) by extensions ['ros']
[5.538s] Level 1:colcon.colcon_core.package_identification:_identify(src/my_gui) by extension 'ros'
[5.548s] DEBUG:colcon.colcon_core.package_identification:Package 'src/my_gui' with type 'ros.ament_python' and name 'my_gui'
[5.548s] Level 1:colcon.colcon_core.package_discovery:discover_packages(recursive) using defaults
[5.548s] Level 1:colcon.colcon_core.package_discovery:discover_packages(ignore) discover
[5.549s] Level 1:colcon.colcon_core.package_discovery:discover_packages(ignore) using defaults
[5.549s] Level 1:colcon.colcon_core.package_discovery:discover_packages(path) discover
[5.549s] Level 1:colcon.colcon_core.package_discovery:discover_packages(path) using defaults
[5.995s] Level 1:colcon.colcon_core.package_discovery:discover_packages(prefix_path) check parameters
[5.996s] Level 1:colcon.colcon_core.package_discovery:discover_packages(prefix_path) discover
[6.149s] DEBUG:colcon.colcon_installed_package_information.package_discovery:Found 1 installed packages in /home/niklas/ros_3d/install
[6.259s] DEBUG:colcon.colcon_installed_package_information.package_discovery:Found 1 installed packages in /home/niklas/ros2_gui/install
[6.338s] DEBUG:colcon.colcon_installed_package_information.package_discovery:Found 1 installed packages in /home/niklas/ros2-stereo-camera-analyse/install
[6.420s] DEBUG:colcon.colcon_installed_package_information.package_discovery:Found 273 installed packages in /opt/ros/humble
[6.426s] Level 1:colcon.colcon_core.package_discovery:discover_packages(prefix_path) using defaults
[6.836s] Level 5:colcon.colcon_core.verb:set package 'my_gui' build argument 'cmake_args' from command line to 'None'
[6.836s] Level 5:colcon.colcon_core.verb:set package 'my_gui' build argument 'cmake_target' from command line to 'None'
[6.836s] Level 5:colcon.colcon_core.verb:set package 'my_gui' build argument 'cmake_target_skip_unavailable' from command line to 'False'
[6.837s] Level 5:colcon.colcon_core.verb:set package 'my_gui' build argument 'cmake_clean_cache' from command line to 'False'
[6.837s] Level 5:colcon.colcon_core.verb:set package 'my_gui' build argument 'cmake_clean_first' from command line to 'False'
[6.837s] Level 5:colcon.colcon_core.verb:set package 'my_gui' build argument 'cmake_force_configure' from command line to 'False'
[6.837s] Level 5:colcon.colcon_core.verb:set package 'my_gui' build argument 'ament_cmake_args' from command line to 'None'
[6.837s] Level 5:colcon.colcon_core.verb:set package 'my_gui' build argument 'catkin_cmake_args' from command line to 'None'
[6.837s] Level 5:colcon.colcon_core.verb:set package 'my_gui' build argument 'catkin_skip_building_tests' from command line to 'False'
[6.837s] DEBUG:colcon.colcon_core.verb:Building package 'my_gui' with the following arguments: {'ament_cmake_args': None, 'build_base': '/home/niklas/ros2_gui/build/my_gui', 'catkin_cmake_args': None, 'catkin_skip_building_tests': False, 'cmake_args': None, 'cmake_clean_cache': False, 'cmake_clean_first': False, 'cmake_force_configure': False, 'cmake_target': None, 'cmake_target_skip_unavailable': False, 'install_base': '/home/niklas/ros2_gui/install/my_gui', 'merge_install': False, 'path': '/home/niklas/ros2_gui/src/my_gui', 'symlink_install': False, 'test_result_base': None}
[6.911s] INFO:colcon.colcon_core.executor:Executing jobs using 'parallel' executor
[6.993s] DEBUG:colcon.colcon_parallel_executor.executor.parallel:run_until_complete
[6.993s] INFO:colcon.colcon_ros.task.ament_python.build:Building ROS package in '/home/niklas/ros2_gui/src/my_gui' with build type 'ament_python'
[6.994s] Level 1:colcon.colcon_core.shell:create_environment_hook('my_gui', 'ament_prefix_path')
[7.094s] INFO:colcon.colcon_core.plugin_system:Skipping extension 'colcon_core.shell.bat': Not used on non-Windows systems
[7.095s] INFO:colcon.colcon_core.shell:Creating environment hook '/home/niklas/ros2_gui/install/my_gui/share/my_gui/hook/ament_prefix_path.ps1'
[7.098s] INFO:colcon.colcon_core.shell:Creating environment descriptor '/home/niklas/ros2_gui/install/my_gui/share/my_gui/hook/ament_prefix_path.dsv'
[7.100s] INFO:colcon.colcon_core.shell:Creating environment hook '/home/niklas/ros2_gui/install/my_gui/share/my_gui/hook/ament_prefix_path.sh'
[7.195s] INFO:colcon.colcon_core.shell:Skip shell extension 'powershell' for command environment: Not usable outside of PowerShell
[7.195s] DEBUG:colcon.colcon_core.shell:Skip shell extension 'dsv' for command environment
[9.101s] INFO:colcon.colcon_core.task.python.build:Building Python package in '/home/niklas/ros2_gui/src/my_gui'
[9.187s] INFO:colcon.colcon_core.shell:Skip shell extension 'powershell' for command environment: Not usable outside of PowerShell
[9.187s] DEBUG:colcon.colcon_core.shell:Skip shell extension 'dsv' for command environment
[11.505s] DEBUG:colcon.colcon_core.event_handler.log_command:Invoking command in '/home/niklas/ros2_gui/src/my_gui': PYTHONPATH=/home/niklas/ros2_gui/build/my_gui/prefix_override:/home/niklas/ros2_gui/install/my_gui/lib/python3.10/site-packages:${PYTHONPATH} /usr/bin/python3 setup.py egg_info --egg-base ../../build/my_gui build --build-base /home/niklas/ros2_gui/build/my_gui/build install --record /home/niklas/ros2_gui/build/my_gui/install.log --single-version-externally-managed
[13.142s] DEBUG:colcon.colcon_core.event_handler.log_command:Invoked command in '/home/niklas/ros2_gui/src/my_gui' returned '0': PYTHONPATH=/home/niklas/ros2_gui/build/my_gui/prefix_override:/home/niklas/ros2_gui/install/my_gui/lib/python3.10/site-packages:${PYTHONPATH} /usr/bin/python3 setup.py egg_info --egg-base ../../build/my_gui build --build-base /home/niklas/ros2_gui/build/my_gui/build install --record /home/niklas/ros2_gui/build/my_gui/install.log --single-version-externally-managed
[13.243s] Level 1:colcon.colcon_core.environment:checking '/home/niklas/ros2_gui/install/my_gui' for CMake module files
[13.246s] Level 1:colcon.colcon_core.environment:checking '/home/niklas/ros2_gui/install/my_gui' for CMake config files
[13.250s] Level 1:colcon.colcon_core.environment:checking '/home/niklas/ros2_gui/install/my_gui/lib'
[13.250s] Level 1:colcon.colcon_core.environment:checking '/home/niklas/ros2_gui/install/my_gui/bin'
[13.251s] Level 1:colcon.colcon_core.environment:checking '/home/niklas/ros2_gui/install/my_gui/lib/pkgconfig/my_gui.pc'
[13.252s] Level 1:colcon.colcon_core.environment:checking '/home/niklas/ros2_gui/install/my_gui/lib/python3.10/site-packages'
[13.252s] Level 1:colcon.colcon_core.shell:create_environment_hook('my_gui', 'pythonpath')
[13.337s] INFO:colcon.colcon_core.shell:Creating environment hook '/home/niklas/ros2_gui/install/my_gui/share/my_gui/hook/pythonpath.ps1'
[13.339s] INFO:colcon.colcon_core.shell:Creating environment descriptor '/home/niklas/ros2_gui/install/my_gui/share/my_gui/hook/pythonpath.dsv'
[13.341s] INFO:colcon.colcon_core.shell:Creating environment hook '/home/niklas/ros2_gui/install/my_gui/share/my_gui/hook/pythonpath.sh'
[13.343s] Level 1:colcon.colcon_core.environment:checking '/home/niklas/ros2_gui/install/my_gui/bin'
[13.344s] Level 1:colcon.colcon_core.environment:create_environment_scripts_only(my_gui)
[13.430s] INFO:colcon.colcon_core.shell:Creating package script '/home/niklas/ros2_gui/install/my_gui/share/my_gui/package.ps1'
[13.433s] INFO:colcon.colcon_core.shell:Creating package descriptor '/home/niklas/ros2_gui/install/my_gui/share/my_gui/package.dsv'
[13.436s] INFO:colcon.colcon_core.shell:Creating package script '/home/niklas/ros2_gui/install/my_gui/share/my_gui/package.sh'
[13.439s] INFO:colcon.colcon_core.shell:Creating package script '/home/niklas/ros2_gui/install/my_gui/share/my_gui/package.bash'
[13.442s] INFO:colcon.colcon_core.shell:Creating package script '/home/niklas/ros2_gui/install/my_gui/share/my_gui/package.zsh'
[13.445s] Level 1:colcon.colcon_core.environment:create_file_with_runtime_dependencies(/home/niklas/ros2_gui/install/my_gui/share/colcon-core/packages/my_gui)
[13.447s] DEBUG:colcon.colcon_parallel_executor.executor.parallel:closing loop
[13.449s] DEBUG:colcon.colcon_parallel_executor.executor.parallel:loop closed
[13.449s] DEBUG:colcon.colcon_parallel_executor.executor.parallel:run_until_complete finished with '0'
[13.449s] DEBUG:colcon.colcon_core.event_reactor:joining thread
[13.575s] INFO:colcon.colcon_core.plugin_system:Skipping extension 'colcon_notification.desktop_notification.terminal_notifier': Not used on non-Darwin systems
[13.575s] INFO:colcon.colcon_core.plugin_system:Skipping extension 'colcon_notification.desktop_notification.win32': Not used on non-Windows systems
[13.576s] INFO:colcon.colcon_notification.desktop_notification:Sending desktop notification using 'notify2'
[13.625s] DEBUG:colcon.colcon_core.event_reactor:joined thread
[13.754s] INFO:colcon.colcon_core.shell:Creating prefix script '/home/niklas/ros2_gui/install/local_setup.ps1'
[13.759s] INFO:colcon.colcon_core.shell:Creating prefix util module '/home/niklas/ros2_gui/install/_local_setup_util_ps1.py'
[13.765s] INFO:colcon.colcon_core.shell:Creating prefix chain script '/home/niklas/ros2_gui/install/setup.ps1'
[13.863s] INFO:colcon.colcon_core.shell:Creating prefix script '/home/niklas/ros2_gui/install/local_setup.sh'
[13.865s] INFO:colcon.colcon_core.shell:Creating prefix util module '/home/niklas/ros2_gui/install/_local_setup_util_sh.py'
[13.868s] INFO:colcon.colcon_core.shell:Creating prefix chain script '/home/niklas/ros2_gui/install/setup.sh'
[13.959s] INFO:colcon.colcon_core.shell:Creating prefix script '/home/niklas/ros2_gui/install/local_setup.bash'
[13.962s] INFO:colcon.colcon_core.shell:Creating prefix chain script '/home/niklas/ros2_gui/install/setup.bash'
[14.057s] INFO:colcon.colcon_core.shell:Creating prefix script '/home/niklas/ros2_gui/install/local_setup.zsh'
[14.060s] INFO:colcon.colcon_core.shell:Creating prefix chain script '/home/niklas/ros2_gui/install/setup.zsh'
