[4.443s] Invoking command in '/home/niklas/ros2_gui/src/my_gui': PYTHONPATH=/home/niklas/ros2_gui/src/build/my_gui/prefix_override:/home/niklas/ros2_gui/src/install/my_gui/lib/python3.10/site-packages:${PYTHONPATH} /usr/bin/python3 setup.py egg_info --egg-base ../build/my_gui build --build-base /home/niklas/ros2_gui/src/build/my_gui/build install --record /home/niklas/ros2_gui/src/build/my_gui/install.log --single-version-externally-managed
[5.914s] running egg_info
[5.918s] writing ../build/my_gui/my_gui.egg-info/PKG-INFO
[5.919s] writing dependency_links to ../build/my_gui/my_gui.egg-info/dependency_links.txt
[5.920s] writing entry points to ../build/my_gui/my_gui.egg-info/entry_points.txt
[5.922s] writing requirements to ../build/my_gui/my_gui.egg-info/requires.txt
[5.923s] writing top-level names to ../build/my_gui/my_gui.egg-info/top_level.txt
[5.931s] reading manifest file '../build/my_gui/my_gui.egg-info/SOURCES.txt'
[5.935s] writing manifest file '../build/my_gui/my_gui.egg-info/SOURCES.txt'
[5.935s] running build
[5.936s] running build_py
[5.937s] running install
[5.938s] running install_lib
[5.944s] running install_data
[5.946s] running install_egg_info
[5.953s] removing '/home/niklas/ros2_gui/src/install/my_gui/lib/python3.10/site-packages/my_gui-0.0.0-py3.10.egg-info' (and everything under it)
[5.954s] Copying ../build/my_gui/my_gui.egg-info to /home/niklas/ros2_gui/src/install/my_gui/lib/python3.10/site-packages/my_gui-0.0.0-py3.10.egg-info
[5.960s] running install_scripts
[6.046s] Installing gui_node script to /home/niklas/ros2_gui/src/install/my_gui/lib/my_gui
[6.047s] writing list of installed files to '/home/niklas/ros2_gui/src/build/my_gui/install.log'
[6.221s] Invoked command in '/home/niklas/ros2_gui/src/my_gui' returned '0': PYTHONPATH=/home/niklas/ros2_gui/src/build/my_gui/prefix_override:/home/niklas/ros2_gui/src/install/my_gui/lib/python3.10/site-packages:${PYTHONPATH} /usr/bin/python3 setup.py egg_info --egg-base ../build/my_gui build --build-base /home/niklas/ros2_gui/src/build/my_gui/build install --record /home/niklas/ros2_gui/src/build/my_gui/install.log --single-version-externally-managed
