[4.340s] Invoking command in '/home/stereocamera/ros2_gui/src/my_gui': PYTHONPATH=/home/stereocamera/ros2_gui/build/my_gui/prefix_override:/home/stereocamera/ros2_gui/install/my_gui/lib/python3.10/site-packages:${PYTHONPATH} /usr/bin/python3 setup.py egg_info --egg-base ../../build/my_gui build --build-base /home/stereocamera/ros2_gui/build/my_gui/build install --record /home/stereocamera/ros2_gui/build/my_gui/install.log --single-version-externally-managed
[5.696s] running egg_info
[5.699s] writing ../../build/my_gui/my_gui.egg-info/PKG-INFO
[5.700s] writing dependency_links to ../../build/my_gui/my_gui.egg-info/dependency_links.txt
[5.701s] writing entry points to ../../build/my_gui/my_gui.egg-info/entry_points.txt
[5.702s] writing requirements to ../../build/my_gui/my_gui.egg-info/requires.txt
[5.703s] writing top-level names to ../../build/my_gui/my_gui.egg-info/top_level.txt
[5.712s] reading manifest file '../../build/my_gui/my_gui.egg-info/SOURCES.txt'
[5.715s] writing manifest file '../../build/my_gui/my_gui.egg-info/SOURCES.txt'
[5.716s] running build
[5.717s] running build_py
[5.718s] running install
[5.719s] running install_lib
[5.725s] running install_data
[5.727s] running install_egg_info
[5.735s] removing '/home/stereocamera/ros2_gui/install/my_gui/lib/python3.10/site-packages/my_gui-0.0.0-py3.10.egg-info' (and everything under it)
[5.739s] Copying ../../build/my_gui/my_gui.egg-info to /home/stereocamera/ros2_gui/install/my_gui/lib/python3.10/site-packages/my_gui-0.0.0-py3.10.egg-info
[5.744s] running install_scripts
[5.831s] Installing gui_node script to /home/stereocamera/ros2_gui/install/my_gui/lib/my_gui
[5.833s] writing list of installed files to '/home/stereocamera/ros2_gui/build/my_gui/install.log'
[5.975s] Invoked command in '/home/stereocamera/ros2_gui/src/my_gui' returned '0': PYTHONPATH=/home/stereocamera/ros2_gui/build/my_gui/prefix_override:/home/stereocamera/ros2_gui/install/my_gui/lib/python3.10/site-packages:${PYTHONPATH} /usr/bin/python3 setup.py egg_info --egg-base ../../build/my_gui build --build-base /home/stereocamera/ros2_gui/build/my_gui/build install --record /home/stereocamera/ros2_gui/build/my_gui/install.log --single-version-externally-managed
