[3.827s] Invoking command in '/home/stereocamera/ros2_gui/src/my_gui': PYTHONPATH=/home/stereocamera/ros2_gui/build/my_gui/prefix_override:/home/stereocamera/ros2_gui/install/my_gui/lib/python3.10/site-packages:${PYTHONPATH} /usr/bin/python3 setup.py egg_info --egg-base ../../build/my_gui build --build-base /home/stereocamera/ros2_gui/build/my_gui/build install --record /home/stereocamera/ros2_gui/build/my_gui/install.log --single-version-externally-managed
[5.015s] running egg_info
[5.018s] writing ../../build/my_gui/my_gui.egg-info/PKG-INFO
[5.019s] writing dependency_links to ../../build/my_gui/my_gui.egg-info/dependency_links.txt
[5.020s] writing entry points to ../../build/my_gui/my_gui.egg-info/entry_points.txt
[5.021s] writing requirements to ../../build/my_gui/my_gui.egg-info/requires.txt
[5.022s] writing top-level names to ../../build/my_gui/my_gui.egg-info/top_level.txt
[5.030s] reading manifest file '../../build/my_gui/my_gui.egg-info/SOURCES.txt'
[5.033s] writing manifest file '../../build/my_gui/my_gui.egg-info/SOURCES.txt'
[5.034s] running build
[5.034s] running build_py
[5.035s] copying my_gui/my_gui_node.py -> /home/stereocamera/ros2_gui/build/my_gui/build/lib/my_gui
[5.036s] running install
[5.037s] running install_lib
[5.041s] copying /home/stereocamera/ros2_gui/build/my_gui/build/lib/my_gui/my_gui_node.py -> /home/stereocamera/ros2_gui/install/my_gui/lib/python3.10/site-packages/my_gui
[5.044s] byte-compiling /home/stereocamera/ros2_gui/install/my_gui/lib/python3.10/site-packages/my_gui/my_gui_node.py to my_gui_node.cpython-310.pyc
[5.047s] running install_data
[5.050s] running install_egg_info
[5.056s] removing '/home/stereocamera/ros2_gui/install/my_gui/lib/python3.10/site-packages/my_gui-0.0.0-py3.10.egg-info' (and everything under it)
[5.058s] Copying ../../build/my_gui/my_gui.egg-info to /home/stereocamera/ros2_gui/install/my_gui/lib/python3.10/site-packages/my_gui-0.0.0-py3.10.egg-info
[5.064s] running install_scripts
[5.143s] Installing gui_node script to /home/stereocamera/ros2_gui/install/my_gui/lib/my_gui
[5.144s] writing list of installed files to '/home/stereocamera/ros2_gui/build/my_gui/install.log'
[5.273s] Invoked command in '/home/stereocamera/ros2_gui/src/my_gui' returned '0': PYTHONPATH=/home/stereocamera/ros2_gui/build/my_gui/prefix_override:/home/stereocamera/ros2_gui/install/my_gui/lib/python3.10/site-packages:${PYTHONPATH} /usr/bin/python3 setup.py egg_info --egg-base ../../build/my_gui build --build-base /home/stereocamera/ros2_gui/build/my_gui/build install --record /home/stereocamera/ros2_gui/build/my_gui/install.log --single-version-externally-managed
