[7.939s] DEBUG:colcon:Command line arguments: ['/usr/bin/colcon', 'build']
[7.939s] DEBUG:colcon:Parsed command line arguments: Namespace(log_base=None, log_level=None, verb_name='build', build_base='build', install_base='install', merge_install=False, symlink_install=False, test_result_base=None, continue_on_error=False, executor='parallel', parallel_workers=4, event_handlers=None, ignore_user_meta=False, metas=['./colcon.meta'], base_paths=['.'], packages_ignore=None, packages_ignore_regex=None, paths=None, packages_up_to=None, packages_up_to_regex=None, packages_above=None, packages_above_and_dependencies=None, packages_above_depth=None, packages_select_by_dep=None, packages_skip_by_dep=None, packages_skip_up_to=None, packages_select_build_failed=False, packages_skip_build_finished=False, packages_select_test_failures=False, packages_skip_test_passed=False, packages_select=None, packages_skip=None, packages_select_regex=None, packages_skip_regex=None, packages_start=None, packages_end=None, allow_overriding=[], cmake_args=None, cmake_target=None, cmake_target_skip_unavailable=False, cmake_clean_cache=False, cmake_clean_first=False, cmake_force_configure=False, ament_cmake_args=None, catkin_cmake_args=None, catkin_skip_building_tests=False, verb_parser=<colcon_defaults.argument_parser.defaults.DefaultArgumentsDecorator object at 0xffff860c7460>, verb_extension=<colcon_core.verb.build.BuildVerb object at 0xffff8658be20>, main=<bound method BuildVerb.main of <colcon_core.verb.build.BuildVerb object at 0xffff8658be20>>)
[8.306s] Level 1:colcon.colcon_core.package_discovery:discover_packages(colcon_meta) check parameters
[8.306s] Level 1:colcon.colcon_core.package_discovery:discover_packages(recursive) check parameters
[8.306s] Level 1:colcon.colcon_core.package_discovery:discover_packages(ignore) check parameters
[8.307s] Level 1:colcon.colcon_core.package_discovery:discover_packages(path) check parameters
[8.307s] Level 1:colcon.colcon_core.package_discovery:discover_packages(colcon_meta) discover
[8.307s] Level 1:colcon.colcon_core.package_discovery:discover_packages(recursive) discover
[8.307s] INFO:colcon.colcon_core.package_discovery:Crawling recursively for packages in '/home/niklas/ros2_gui'
[8.308s] Level 1:colcon.colcon_core.package_identification:_identify(.) by extensions ['ignore', 'ignore_ament_install']
[8.308s] Level 1:colcon.colcon_core.package_identification:_identify(.) by extension 'ignore'
[8.309s] Level 1:colcon.colcon_core.package_identification:_identify(.) by extension 'ignore_ament_install'
[8.309s] Level 1:colcon.colcon_core.package_identification:_identify(.) by extensions ['colcon_pkg']
[8.309s] Level 1:colcon.colcon_core.package_identification:_identify(.) by extension 'colcon_pkg'
[8.309s] Level 1:colcon.colcon_core.package_identification:_identify(.) by extensions ['colcon_meta']
[8.309s] Level 1:colcon.colcon_core.package_identification:_identify(.) by extension 'colcon_meta'
[8.309s] Level 1:colcon.colcon_core.package_identification:_identify(.) by extensions ['ros']
[8.310s] Level 1:colcon.colcon_core.package_identification:_identify(.) by extension 'ros'
[8.377s] Level 1:colcon.colcon_core.package_identification:_identify(.) by extensions ['cmake', 'python']
[8.377s] Level 1:colcon.colcon_core.package_identification:_identify(.) by extension 'cmake'
[8.377s] Level 1:colcon.colcon_core.package_identification:_identify(.) by extension 'python'
[8.378s] Level 1:colcon.colcon_core.package_identification:_identify(.) by extensions ['python_setup_py']
[8.378s] Level 1:colcon.colcon_core.package_identification:_identify(.) by extension 'python_setup_py'
[8.379s] Level 1:colcon.colcon_core.package_identification:_identify(build) by extensions ['ignore', 'ignore_ament_install']
[8.379s] Level 1:colcon.colcon_core.package_identification:_identify(build) by extension 'ignore'
[8.379s] Level 1:colcon.colcon_core.package_identification:_identify(build) ignored
[8.380s] Level 1:colcon.colcon_core.package_identification:_identify(install) by extensions ['ignore', 'ignore_ament_install']
[8.381s] Level 1:colcon.colcon_core.package_identification:_identify(install) by extension 'ignore'
[8.381s] Level 1:colcon.colcon_core.package_identification:_identify(install) ignored
[8.382s] Level 1:colcon.colcon_core.package_identification:_identify(log) by extensions ['ignore', 'ignore_ament_install']
[8.382s] Level 1:colcon.colcon_core.package_identification:_identify(log) by extension 'ignore'
[8.382s] Level 1:colcon.colcon_core.package_identification:_identify(log) ignored
[8.383s] Level 1:colcon.colcon_core.package_identification:_identify(src) by extensions ['ignore', 'ignore_ament_install']
[8.383s] Level 1:colcon.colcon_core.package_identification:_identify(src) by extension 'ignore'
[8.384s] Level 1:colcon.colcon_core.package_identification:_identify(src) by extension 'ignore_ament_install'
[8.384s] Level 1:colcon.colcon_core.package_identification:_identify(src) by extensions ['colcon_pkg']
[8.384s] Level 1:colcon.colcon_core.package_identification:_identify(src) by extension 'colcon_pkg'
[8.385s] Level 1:colcon.colcon_core.package_identification:_identify(src) by extensions ['colcon_meta']
[8.385s] Level 1:colcon.colcon_core.package_identification:_identify(src) by extension 'colcon_meta'
[8.385s] Level 1:colcon.colcon_core.package_identification:_identify(src) by extensions ['ros']
[8.385s] Level 1:colcon.colcon_core.package_identification:_identify(src) by extension 'ros'
[8.386s] Level 1:colcon.colcon_core.package_identification:_identify(src) by extensions ['cmake', 'python']
[8.386s] Level 1:colcon.colcon_core.package_identification:_identify(src) by extension 'cmake'
[8.386s] Level 1:colcon.colcon_core.package_identification:_identify(src) by extension 'python'
[8.387s] Level 1:colcon.colcon_core.package_identification:_identify(src) by extensions ['python_setup_py']
[8.387s] Level 1:colcon.colcon_core.package_identification:_identify(src) by extension 'python_setup_py'
[8.391s] Level 1:colcon.colcon_core.package_identification:_identify(src/build) by extensions ['ignore', 'ignore_ament_install']
[8.391s] Level 1:colcon.colcon_core.package_identification:_identify(src/build) by extension 'ignore'
[8.391s] Level 1:colcon.colcon_core.package_identification:_identify(src/build) ignored
[8.393s] Level 1:colcon.colcon_core.package_identification:_identify(src/install) by extensions ['ignore', 'ignore_ament_install']
[8.393s] Level 1:colcon.colcon_core.package_identification:_identify(src/install) by extension 'ignore'
[8.393s] Level 1:colcon.colcon_core.package_identification:_identify(src/install) ignored
[8.395s] Level 1:colcon.colcon_core.package_identification:_identify(src/log) by extensions ['ignore', 'ignore_ament_install']
[8.395s] Level 1:colcon.colcon_core.package_identification:_identify(src/log) by extension 'ignore'
[8.395s] Level 1:colcon.colcon_core.package_identification:_identify(src/log) ignored
[8.396s] Level 1:colcon.colcon_core.package_identification:_identify(src/my_gui) by extensions ['ignore', 'ignore_ament_install']
[8.396s] Level 1:colcon.colcon_core.package_identification:_identify(src/my_gui) by extension 'ignore'
[8.397s] Level 1:colcon.colcon_core.package_identification:_identify(src/my_gui) by extension 'ignore_ament_install'
[8.397s] Level 1:colcon.colcon_core.package_identification:_identify(src/my_gui) by extensions ['colcon_pkg']
[8.397s] Level 1:colcon.colcon_core.package_identification:_identify(src/my_gui) by extension 'colcon_pkg'
[8.398s] Level 1:colcon.colcon_core.package_identification:_identify(src/my_gui) by extensions ['colcon_meta']
[8.398s] Level 1:colcon.colcon_core.package_identification:_identify(src/my_gui) by extension 'colcon_meta'
[8.398s] Level 1:colcon.colcon_core.package_identification:_identify(src/my_gui) by extensions ['ros']
[8.398s] Level 1:colcon.colcon_core.package_identification:_identify(src/my_gui) by extension 'ros'
[8.410s] DEBUG:colcon.colcon_core.package_identification:Package 'src/my_gui' with type 'ros.ament_python' and name 'my_gui'
[8.410s] Level 1:colcon.colcon_core.package_discovery:discover_packages(recursive) using defaults
[8.411s] Level 1:colcon.colcon_core.package_discovery:discover_packages(ignore) discover
[8.411s] Level 1:colcon.colcon_core.package_discovery:discover_packages(ignore) using defaults
[8.411s] Level 1:colcon.colcon_core.package_discovery:discover_packages(path) discover
[8.411s] Level 1:colcon.colcon_core.package_discovery:discover_packages(path) using defaults
[9.287s] Level 1:colcon.colcon_core.package_discovery:discover_packages(prefix_path) check parameters
[9.288s] Level 1:colcon.colcon_core.package_discovery:discover_packages(prefix_path) discover
[9.811s] DEBUG:colcon.colcon_installed_package_information.package_discovery:Found 1 installed packages in /home/niklas/ros_3d/install
[10.114s] DEBUG:colcon.colcon_installed_package_information.package_discovery:Found 1 installed packages in /home/niklas/ros2_gui/install
[10.235s] DEBUG:colcon.colcon_installed_package_information.package_discovery:Found 1 installed packages in /home/niklas/ros2-stereo-camera-analyse/install
[10.359s] DEBUG:colcon.colcon_installed_package_information.package_discovery:Found 273 installed packages in /opt/ros/humble
[10.365s] Level 1:colcon.colcon_core.package_discovery:discover_packages(prefix_path) using defaults
[11.058s] Level 5:colcon.colcon_core.verb:set package 'my_gui' build argument 'cmake_args' from command line to 'None'
[11.059s] Level 5:colcon.colcon_core.verb:set package 'my_gui' build argument 'cmake_target' from command line to 'None'
[11.059s] Level 5:colcon.colcon_core.verb:set package 'my_gui' build argument 'cmake_target_skip_unavailable' from command line to 'False'
[11.059s] Level 5:colcon.colcon_core.verb:set package 'my_gui' build argument 'cmake_clean_cache' from command line to 'False'
[11.059s] Level 5:colcon.colcon_core.verb:set package 'my_gui' build argument 'cmake_clean_first' from command line to 'False'
[11.059s] Level 5:colcon.colcon_core.verb:set package 'my_gui' build argument 'cmake_force_configure' from command line to 'False'
[11.059s] Level 5:colcon.colcon_core.verb:set package 'my_gui' build argument 'ament_cmake_args' from command line to 'None'
[11.059s] Level 5:colcon.colcon_core.verb:set package 'my_gui' build argument 'catkin_cmake_args' from command line to 'None'
[11.059s] Level 5:colcon.colcon_core.verb:set package 'my_gui' build argument 'catkin_skip_building_tests' from command line to 'False'
[11.060s] DEBUG:colcon.colcon_core.verb:Building package 'my_gui' with the following arguments: {'ament_cmake_args': None, 'build_base': '/home/niklas/ros2_gui/build/my_gui', 'catkin_cmake_args': None, 'catkin_skip_building_tests': False, 'cmake_args': None, 'cmake_clean_cache': False, 'cmake_clean_first': False, 'cmake_force_configure': False, 'cmake_target': None, 'cmake_target_skip_unavailable': False, 'install_base': '/home/niklas/ros2_gui/install/my_gui', 'merge_install': False, 'path': '/home/niklas/ros2_gui/src/my_gui', 'symlink_install': False, 'test_result_base': None}
[11.165s] INFO:colcon.colcon_core.executor:Executing jobs using 'parallel' executor
[11.258s] DEBUG:colcon.colcon_parallel_executor.executor.parallel:run_until_complete
[11.259s] INFO:colcon.colcon_ros.task.ament_python.build:Building ROS package in '/home/niklas/ros2_gui/src/my_gui' with build type 'ament_python'
[11.260s] Level 1:colcon.colcon_core.shell:create_environment_hook('my_gui', 'ament_prefix_path')
[11.377s] INFO:colcon.colcon_core.plugin_system:Skipping extension 'colcon_core.shell.bat': Not used on non-Windows systems
[11.379s] INFO:colcon.colcon_core.shell:Creating environment hook '/home/niklas/ros2_gui/install/my_gui/share/my_gui/hook/ament_prefix_path.ps1'
[11.382s] INFO:colcon.colcon_core.shell:Creating environment descriptor '/home/niklas/ros2_gui/install/my_gui/share/my_gui/hook/ament_prefix_path.dsv'
[11.384s] INFO:colcon.colcon_core.shell:Creating environment hook '/home/niklas/ros2_gui/install/my_gui/share/my_gui/hook/ament_prefix_path.sh'
[11.520s] INFO:colcon.colcon_core.shell:Skip shell extension 'powershell' for command environment: Not usable outside of PowerShell
[11.520s] DEBUG:colcon.colcon_core.shell:Skip shell extension 'dsv' for command environment
[15.121s] INFO:colcon.colcon_core.task.python.build:Building Python package in '/home/niklas/ros2_gui/src/my_gui'
[15.511s] INFO:colcon.colcon_core.shell:Skip shell extension 'powershell' for command environment: Not usable outside of PowerShell
[15.512s] DEBUG:colcon.colcon_core.shell:Skip shell extension 'dsv' for command environment
[21.848s] DEBUG:colcon.colcon_core.event_handler.log_command:Invoking command in '/home/niklas/ros2_gui/src/my_gui': PYTHONPATH=/home/niklas/ros2_gui/build/my_gui/prefix_override:/home/niklas/ros2_gui/install/my_gui/lib/python3.10/site-packages:${PYTHONPATH} /usr/bin/python3 setup.py egg_info --egg-base ../../build/my_gui build --build-base /home/niklas/ros2_gui/build/my_gui/build install --record /home/niklas/ros2_gui/build/my_gui/install.log --single-version-externally-managed
[25.941s] DEBUG:colcon.colcon_core.event_handler.log_command:Invoked command in '/home/niklas/ros2_gui/src/my_gui' returned '0': PYTHONPATH=/home/niklas/ros2_gui/build/my_gui/prefix_override:/home/niklas/ros2_gui/install/my_gui/lib/python3.10/site-packages:${PYTHONPATH} /usr/bin/python3 setup.py egg_info --egg-base ../../build/my_gui build --build-base /home/niklas/ros2_gui/build/my_gui/build install --record /home/niklas/ros2_gui/build/my_gui/install.log --single-version-externally-managed
[26.226s] Level 1:colcon.colcon_core.environment:checking '/home/niklas/ros2_gui/install/my_gui' for CMake module files
[26.236s] Level 1:colcon.colcon_core.environment:checking '/home/niklas/ros2_gui/install/my_gui' for CMake config files
[26.244s] Level 1:colcon.colcon_core.environment:checking '/home/niklas/ros2_gui/install/my_gui/lib'
[26.246s] Level 1:colcon.colcon_core.environment:checking '/home/niklas/ros2_gui/install/my_gui/bin'
[26.246s] Level 1:colcon.colcon_core.environment:checking '/home/niklas/ros2_gui/install/my_gui/lib/pkgconfig/my_gui.pc'
[26.252s] Level 1:colcon.colcon_core.environment:checking '/home/niklas/ros2_gui/install/my_gui/lib/python3.10/site-packages'
[26.253s] Level 1:colcon.colcon_core.shell:create_environment_hook('my_gui', 'pythonpath')
[26.570s] INFO:colcon.colcon_core.shell:Creating environment hook '/home/niklas/ros2_gui/install/my_gui/share/my_gui/hook/pythonpath.ps1'
[26.573s] INFO:colcon.colcon_core.shell:Creating environment descriptor '/home/niklas/ros2_gui/install/my_gui/share/my_gui/hook/pythonpath.dsv'
[26.576s] INFO:colcon.colcon_core.shell:Creating environment hook '/home/niklas/ros2_gui/install/my_gui/share/my_gui/hook/pythonpath.sh'
[26.580s] Level 1:colcon.colcon_core.environment:checking '/home/niklas/ros2_gui/install/my_gui/bin'
[26.581s] Level 1:colcon.colcon_core.environment:create_environment_scripts_only(my_gui)
[26.819s] INFO:colcon.colcon_core.shell:Creating package script '/home/niklas/ros2_gui/install/my_gui/share/my_gui/package.ps1'
[26.824s] INFO:colcon.colcon_core.shell:Creating package descriptor '/home/niklas/ros2_gui/install/my_gui/share/my_gui/package.dsv'
[26.827s] INFO:colcon.colcon_core.shell:Creating package script '/home/niklas/ros2_gui/install/my_gui/share/my_gui/package.sh'
[26.832s] INFO:colcon.colcon_core.shell:Creating package script '/home/niklas/ros2_gui/install/my_gui/share/my_gui/package.bash'
[26.836s] INFO:colcon.colcon_core.shell:Creating package script '/home/niklas/ros2_gui/install/my_gui/share/my_gui/package.zsh'
[26.844s] Level 1:colcon.colcon_core.environment:create_file_with_runtime_dependencies(/home/niklas/ros2_gui/install/my_gui/share/colcon-core/packages/my_gui)
[26.862s] DEBUG:colcon.colcon_parallel_executor.executor.parallel:closing loop
[26.863s] DEBUG:colcon.colcon_parallel_executor.executor.parallel:loop closed
[26.864s] DEBUG:colcon.colcon_parallel_executor.executor.parallel:run_until_complete finished with '0'
[26.864s] DEBUG:colcon.colcon_core.event_reactor:joining thread
[27.276s] INFO:colcon.colcon_core.plugin_system:Skipping extension 'colcon_notification.desktop_notification.terminal_notifier': Not used on non-Darwin systems
[27.277s] INFO:colcon.colcon_core.plugin_system:Skipping extension 'colcon_notification.desktop_notification.win32': Not used on non-Windows systems
[27.278s] INFO:colcon.colcon_notification.desktop_notification:Sending desktop notification using 'notify2'
[27.410s] DEBUG:colcon.colcon_core.event_reactor:joined thread
[27.634s] INFO:colcon.colcon_core.shell:Creating prefix script '/home/niklas/ros2_gui/install/local_setup.ps1'
[27.640s] INFO:colcon.colcon_core.shell:Creating prefix util module '/home/niklas/ros2_gui/install/_local_setup_util_ps1.py'
[27.647s] INFO:colcon.colcon_core.shell:Creating prefix chain script '/home/niklas/ros2_gui/install/setup.ps1'
[27.913s] INFO:colcon.colcon_core.shell:Creating prefix script '/home/niklas/ros2_gui/install/local_setup.sh'
[27.923s] INFO:colcon.colcon_core.shell:Creating prefix util module '/home/niklas/ros2_gui/install/_local_setup_util_sh.py'
[27.926s] INFO:colcon.colcon_core.shell:Creating prefix chain script '/home/niklas/ros2_gui/install/setup.sh'
[28.171s] INFO:colcon.colcon_core.shell:Creating prefix script '/home/niklas/ros2_gui/install/local_setup.bash'
[28.174s] INFO:colcon.colcon_core.shell:Creating prefix chain script '/home/niklas/ros2_gui/install/setup.bash'
[28.444s] INFO:colcon.colcon_core.shell:Creating prefix script '/home/niklas/ros2_gui/install/local_setup.zsh'
[28.447s] INFO:colcon.colcon_core.shell:Creating prefix chain script '/home/niklas/ros2_gui/install/setup.zsh'
