[3.732s] Invoking command in '/home/stereocamera/ros2_gui/src/my_gui': PYTHONPATH=/home/stereocamera/ros2_gui/build/my_gui/prefix_override:/home/stereocamera/ros2_gui/install/my_gui/lib/python3.10/site-packages:${PYTHONPATH} /usr/bin/python3 setup.py egg_info --egg-base ../../build/my_gui build --build-base /home/stereocamera/ros2_gui/build/my_gui/build install --record /home/stereocamera/ros2_gui/build/my_gui/install.log --single-version-externally-managed
[4.900s] running egg_info
[4.903s] writing ../../build/my_gui/my_gui.egg-info/PKG-INFO
[4.904s] writing dependency_links to ../../build/my_gui/my_gui.egg-info/dependency_links.txt
[4.905s] writing entry points to ../../build/my_gui/my_gui.egg-info/entry_points.txt
[4.906s] writing requirements to ../../build/my_gui/my_gui.egg-info/requires.txt
[4.907s] writing top-level names to ../../build/my_gui/my_gui.egg-info/top_level.txt
[4.915s] reading manifest file '../../build/my_gui/my_gui.egg-info/SOURCES.txt'
[4.919s] writing manifest file '../../build/my_gui/my_gui.egg-info/SOURCES.txt'
[4.920s] running build
[4.920s] running build_py
[4.921s] copying my_gui/my_gui_node.py -> /home/stereocamera/ros2_gui/build/my_gui/build/lib/my_gui
[4.922s] running install
[4.923s] running install_lib
[4.926s] copying /home/stereocamera/ros2_gui/build/my_gui/build/lib/my_gui/my_gui_node.py -> /home/stereocamera/ros2_gui/install/my_gui/lib/python3.10/site-packages/my_gui
[4.929s] byte-compiling /home/stereocamera/ros2_gui/install/my_gui/lib/python3.10/site-packages/my_gui/my_gui_node.py to my_gui_node.cpython-310.pyc
[4.933s] running install_data
[4.935s] running install_egg_info
[4.942s] removing '/home/stereocamera/ros2_gui/install/my_gui/lib/python3.10/site-packages/my_gui-0.0.0-py3.10.egg-info' (and everything under it)
[4.945s] Copying ../../build/my_gui/my_gui.egg-info to /home/stereocamera/ros2_gui/install/my_gui/lib/python3.10/site-packages/my_gui-0.0.0-py3.10.egg-info
[4.952s] running install_scripts
[5.031s] Installing gui_node script to /home/stereocamera/ros2_gui/install/my_gui/lib/my_gui
[5.033s] writing list of installed files to '/home/stereocamera/ros2_gui/build/my_gui/install.log'
[5.160s] Invoked command in '/home/stereocamera/ros2_gui/src/my_gui' returned '0': PYTHONPATH=/home/stereocamera/ros2_gui/build/my_gui/prefix_override:/home/stereocamera/ros2_gui/install/my_gui/lib/python3.10/site-packages:${PYTHONPATH} /usr/bin/python3 setup.py egg_info --egg-base ../../build/my_gui build --build-base /home/stereocamera/ros2_gui/build/my_gui/build install --record /home/stereocamera/ros2_gui/build/my_gui/install.log --single-version-externally-managed
