[5.227s] DEBUG:colcon:Command line arguments: ['/usr/bin/colcon', 'build']
[5.228s] DEBUG:colcon:Parsed command line arguments: Namespace(log_base=None, log_level=None, verb_name='build', build_base='build', install_base='install', merge_install=False, symlink_install=False, test_result_base=None, continue_on_error=False, executor='parallel', parallel_workers=4, event_handlers=None, ignore_user_meta=False, metas=['./colcon.meta'], base_paths=['.'], packages_ignore=None, packages_ignore_regex=None, paths=None, packages_up_to=None, packages_up_to_regex=None, packages_above=None, packages_above_and_dependencies=None, packages_above_depth=None, packages_select_by_dep=None, packages_skip_by_dep=None, packages_skip_up_to=None, packages_select_build_failed=False, packages_skip_build_finished=False, packages_select_test_failures=False, packages_skip_test_passed=False, packages_select=None, packages_skip=None, packages_select_regex=None, packages_skip_regex=None, packages_start=None, packages_end=None, allow_overriding=[], cmake_args=None, cmake_target=None, cmake_target_skip_unavailable=False, cmake_clean_cache=False, cmake_clean_first=False, cmake_force_configure=False, ament_cmake_args=None, catkin_cmake_args=None, catkin_skip_building_tests=False, verb_parser=<colcon_defaults.argument_parser.defaults.DefaultArgumentsDecorator object at 0xffff909acb80>, verb_extension=<colcon_core.verb.build.BuildVerb object at 0xffff90c69e10>, main=<bound method BuildVerb.main of <colcon_core.verb.build.BuildVerb object at 0xffff90c69e10>>)
[5.496s] Level 1:colcon.colcon_core.package_discovery:discover_packages(colcon_meta) check parameters
[5.496s] Level 1:colcon.colcon_core.package_discovery:discover_packages(recursive) check parameters
[5.497s] Level 1:colcon.colcon_core.package_discovery:discover_packages(ignore) check parameters
[5.497s] Level 1:colcon.colcon_core.package_discovery:discover_packages(path) check parameters
[5.497s] Level 1:colcon.colcon_core.package_discovery:discover_packages(colcon_meta) discover
[5.497s] Level 1:colcon.colcon_core.package_discovery:discover_packages(recursive) discover
[5.497s] INFO:colcon.colcon_core.package_discovery:Crawling recursively for packages in '/home/stereocamera/ros2_gui'
[5.498s] Level 1:colcon.colcon_core.package_identification:_identify(.) by extensions ['ignore', 'ignore_ament_install']
[5.498s] Level 1:colcon.colcon_core.package_identification:_identify(.) by extension 'ignore'
[5.498s] Level 1:colcon.colcon_core.package_identification:_identify(.) by extension 'ignore_ament_install'
[5.498s] Level 1:colcon.colcon_core.package_identification:_identify(.) by extensions ['colcon_pkg']
[5.499s] Level 1:colcon.colcon_core.package_identification:_identify(.) by extension 'colcon_pkg'
[5.499s] Level 1:colcon.colcon_core.package_identification:_identify(.) by extensions ['colcon_meta']
[5.499s] Level 1:colcon.colcon_core.package_identification:_identify(.) by extension 'colcon_meta'
[5.499s] Level 1:colcon.colcon_core.package_identification:_identify(.) by extensions ['ros']
[5.499s] Level 1:colcon.colcon_core.package_identification:_identify(.) by extension 'ros'
[5.568s] Level 1:colcon.colcon_core.package_identification:_identify(.) by extensions ['cmake', 'python']
[5.569s] Level 1:colcon.colcon_core.package_identification:_identify(.) by extension 'cmake'
[5.569s] Level 1:colcon.colcon_core.package_identification:_identify(.) by extension 'python'
[5.569s] Level 1:colcon.colcon_core.package_identification:_identify(.) by extensions ['python_setup_py']
[5.569s] Level 1:colcon.colcon_core.package_identification:_identify(.) by extension 'python_setup_py'
[5.570s] Level 1:colcon.colcon_core.package_identification:_identify(build) by extensions ['ignore', 'ignore_ament_install']
[5.570s] Level 1:colcon.colcon_core.package_identification:_identify(build) by extension 'ignore'
[5.570s] Level 1:colcon.colcon_core.package_identification:_identify(build) ignored
[5.571s] Level 1:colcon.colcon_core.package_identification:_identify(install) by extensions ['ignore', 'ignore_ament_install']
[5.571s] Level 1:colcon.colcon_core.package_identification:_identify(install) by extension 'ignore'
[5.571s] Level 1:colcon.colcon_core.package_identification:_identify(install) ignored
[5.572s] Level 1:colcon.colcon_core.package_identification:_identify(log) by extensions ['ignore', 'ignore_ament_install']
[5.572s] Level 1:colcon.colcon_core.package_identification:_identify(log) by extension 'ignore'
[5.572s] Level 1:colcon.colcon_core.package_identification:_identify(log) ignored
[5.573s] Level 1:colcon.colcon_core.package_identification:_identify(src) by extensions ['ignore', 'ignore_ament_install']
[5.573s] Level 1:colcon.colcon_core.package_identification:_identify(src) by extension 'ignore'
[5.573s] Level 1:colcon.colcon_core.package_identification:_identify(src) by extension 'ignore_ament_install'
[5.573s] Level 1:colcon.colcon_core.package_identification:_identify(src) by extensions ['colcon_pkg']
[5.573s] Level 1:colcon.colcon_core.package_identification:_identify(src) by extension 'colcon_pkg'
[5.574s] Level 1:colcon.colcon_core.package_identification:_identify(src) by extensions ['colcon_meta']
[5.574s] Level 1:colcon.colcon_core.package_identification:_identify(src) by extension 'colcon_meta'
[5.574s] Level 1:colcon.colcon_core.package_identification:_identify(src) by extensions ['ros']
[5.574s] Level 1:colcon.colcon_core.package_identification:_identify(src) by extension 'ros'
[5.574s] Level 1:colcon.colcon_core.package_identification:_identify(src) by extensions ['cmake', 'python']
[5.575s] Level 1:colcon.colcon_core.package_identification:_identify(src) by extension 'cmake'
[5.575s] Level 1:colcon.colcon_core.package_identification:_identify(src) by extension 'python'
[5.575s] Level 1:colcon.colcon_core.package_identification:_identify(src) by extensions ['python_setup_py']
[5.575s] Level 1:colcon.colcon_core.package_identification:_identify(src) by extension 'python_setup_py'
[5.576s] Level 1:colcon.colcon_core.package_identification:_identify(src/build) by extensions ['ignore', 'ignore_ament_install']
[5.576s] Level 1:colcon.colcon_core.package_identification:_identify(src/build) by extension 'ignore'
[5.577s] Level 1:colcon.colcon_core.package_identification:_identify(src/build) ignored
[5.578s] Level 1:colcon.colcon_core.package_identification:_identify(src/install) by extensions ['ignore', 'ignore_ament_install']
[5.578s] Level 1:colcon.colcon_core.package_identification:_identify(src/install) by extension 'ignore'
[5.578s] Level 1:colcon.colcon_core.package_identification:_identify(src/install) ignored
[5.579s] Level 1:colcon.colcon_core.package_identification:_identify(src/log) by extensions ['ignore', 'ignore_ament_install']
[5.580s] Level 1:colcon.colcon_core.package_identification:_identify(src/log) by extension 'ignore'
[5.580s] Level 1:colcon.colcon_core.package_identification:_identify(src/log) ignored
[5.580s] Level 1:colcon.colcon_core.package_identification:_identify(src/my_gui) by extensions ['ignore', 'ignore_ament_install']
[5.581s] Level 1:colcon.colcon_core.package_identification:_identify(src/my_gui) by extension 'ignore'
[5.581s] Level 1:colcon.colcon_core.package_identification:_identify(src/my_gui) by extension 'ignore_ament_install'
[5.581s] Level 1:colcon.colcon_core.package_identification:_identify(src/my_gui) by extensions ['colcon_pkg']
[5.581s] Level 1:colcon.colcon_core.package_identification:_identify(src/my_gui) by extension 'colcon_pkg'
[5.581s] Level 1:colcon.colcon_core.package_identification:_identify(src/my_gui) by extensions ['colcon_meta']
[5.581s] Level 1:colcon.colcon_core.package_identification:_identify(src/my_gui) by extension 'colcon_meta'
[5.582s] Level 1:colcon.colcon_core.package_identification:_identify(src/my_gui) by extensions ['ros']
[5.582s] Level 1:colcon.colcon_core.package_identification:_identify(src/my_gui) by extension 'ros'
[5.595s] DEBUG:colcon.colcon_core.package_identification:Package 'src/my_gui' with type 'ros.ament_python' and name 'my_gui'
[5.596s] Level 1:colcon.colcon_core.package_discovery:discover_packages(recursive) using defaults
[5.596s] Level 1:colcon.colcon_core.package_discovery:discover_packages(ignore) discover
[5.596s] Level 1:colcon.colcon_core.package_discovery:discover_packages(ignore) using defaults
[5.596s] Level 1:colcon.colcon_core.package_discovery:discover_packages(path) discover
[5.596s] Level 1:colcon.colcon_core.package_discovery:discover_packages(path) using defaults
[6.020s] Level 1:colcon.colcon_core.package_discovery:discover_packages(prefix_path) check parameters
[6.021s] Level 1:colcon.colcon_core.package_discovery:discover_packages(prefix_path) discover
[6.164s] DEBUG:colcon.colcon_installed_package_information.package_discovery:Found 1 installed packages in /home/stereocamera/ros2_stereo_camera_analyse/install
[6.230s] DEBUG:colcon.colcon_installed_package_information.package_discovery:Found 1 installed packages in /home/stereocamera/ros2_3D/install
[6.294s] DEBUG:colcon.colcon_installed_package_information.package_discovery:Found 1 installed packages in /home/stereocamera/ros2_gui/install
[6.367s] DEBUG:colcon.colcon_installed_package_information.package_discovery:Found 273 installed packages in /opt/ros/humble
[6.373s] Level 1:colcon.colcon_core.package_discovery:discover_packages(prefix_path) using defaults
[6.784s] Level 5:colcon.colcon_core.verb:set package 'my_gui' build argument 'cmake_args' from command line to 'None'
[6.784s] Level 5:colcon.colcon_core.verb:set package 'my_gui' build argument 'cmake_target' from command line to 'None'
[6.784s] Level 5:colcon.colcon_core.verb:set package 'my_gui' build argument 'cmake_target_skip_unavailable' from command line to 'False'
[6.785s] Level 5:colcon.colcon_core.verb:set package 'my_gui' build argument 'cmake_clean_cache' from command line to 'False'
[6.785s] Level 5:colcon.colcon_core.verb:set package 'my_gui' build argument 'cmake_clean_first' from command line to 'False'
[6.785s] Level 5:colcon.colcon_core.verb:set package 'my_gui' build argument 'cmake_force_configure' from command line to 'False'
[6.785s] Level 5:colcon.colcon_core.verb:set package 'my_gui' build argument 'ament_cmake_args' from command line to 'None'
[6.785s] Level 5:colcon.colcon_core.verb:set package 'my_gui' build argument 'catkin_cmake_args' from command line to 'None'
[6.785s] Level 5:colcon.colcon_core.verb:set package 'my_gui' build argument 'catkin_skip_building_tests' from command line to 'False'
[6.785s] DEBUG:colcon.colcon_core.verb:Building package 'my_gui' with the following arguments: {'ament_cmake_args': None, 'build_base': '/home/stereocamera/ros2_gui/build/my_gui', 'catkin_cmake_args': None, 'catkin_skip_building_tests': False, 'cmake_args': None, 'cmake_clean_cache': False, 'cmake_clean_first': False, 'cmake_force_configure': False, 'cmake_target': None, 'cmake_target_skip_unavailable': False, 'install_base': '/home/stereocamera/ros2_gui/install/my_gui', 'merge_install': False, 'path': '/home/stereocamera/ros2_gui/src/my_gui', 'symlink_install': False, 'test_result_base': None}
[6.848s] INFO:colcon.colcon_core.executor:Executing jobs using 'parallel' executor
[6.915s] DEBUG:colcon.colcon_parallel_executor.executor.parallel:run_until_complete
[6.916s] INFO:colcon.colcon_ros.task.ament_python.build:Building ROS package in '/home/stereocamera/ros2_gui/src/my_gui' with build type 'ament_python'
[6.916s] Level 1:colcon.colcon_core.shell:create_environment_hook('my_gui', 'ament_prefix_path')
[7.004s] INFO:colcon.colcon_core.plugin_system:Skipping extension 'colcon_core.shell.bat': Not used on non-Windows systems
[7.005s] INFO:colcon.colcon_core.shell:Creating environment hook '/home/stereocamera/ros2_gui/install/my_gui/share/my_gui/hook/ament_prefix_path.ps1'
[7.009s] INFO:colcon.colcon_core.shell:Creating environment descriptor '/home/stereocamera/ros2_gui/install/my_gui/share/my_gui/hook/ament_prefix_path.dsv'
[7.012s] INFO:colcon.colcon_core.shell:Creating environment hook '/home/stereocamera/ros2_gui/install/my_gui/share/my_gui/hook/ament_prefix_path.sh'
[7.095s] INFO:colcon.colcon_core.shell:Skip shell extension 'powershell' for command environment: Not usable outside of PowerShell
[7.095s] DEBUG:colcon.colcon_core.shell:Skip shell extension 'dsv' for command environment
[8.747s] INFO:colcon.colcon_core.task.python.build:Building Python package in '/home/stereocamera/ros2_gui/src/my_gui'
[8.817s] INFO:colcon.colcon_core.shell:Skip shell extension 'powershell' for command environment: Not usable outside of PowerShell
[8.818s] DEBUG:colcon.colcon_core.shell:Skip shell extension 'dsv' for command environment
[10.862s] DEBUG:colcon.colcon_core.event_handler.log_command:Invoking command in '/home/stereocamera/ros2_gui/src/my_gui': PYTHONPATH=/home/stereocamera/ros2_gui/build/my_gui/prefix_override:/home/stereocamera/ros2_gui/install/my_gui/lib/python3.10/site-packages:${PYTHONPATH} /usr/bin/python3 setup.py egg_info --egg-base ../../build/my_gui build --build-base /home/stereocamera/ros2_gui/build/my_gui/build install --record /home/stereocamera/ros2_gui/build/my_gui/install.log --single-version-externally-managed
[12.342s] DEBUG:colcon.colcon_core.event_handler.log_command:Invoked command in '/home/stereocamera/ros2_gui/src/my_gui' returned '0': PYTHONPATH=/home/stereocamera/ros2_gui/build/my_gui/prefix_override:/home/stereocamera/ros2_gui/install/my_gui/lib/python3.10/site-packages:${PYTHONPATH} /usr/bin/python3 setup.py egg_info --egg-base ../../build/my_gui build --build-base /home/stereocamera/ros2_gui/build/my_gui/build install --record /home/stereocamera/ros2_gui/build/my_gui/install.log --single-version-externally-managed
[12.468s] Level 1:colcon.colcon_core.environment:checking '/home/stereocamera/ros2_gui/install/my_gui' for CMake module files
[12.471s] Level 1:colcon.colcon_core.environment:checking '/home/stereocamera/ros2_gui/install/my_gui' for CMake config files
[12.475s] Level 1:colcon.colcon_core.environment:checking '/home/stereocamera/ros2_gui/install/my_gui/lib'
[12.476s] Level 1:colcon.colcon_core.environment:checking '/home/stereocamera/ros2_gui/install/my_gui/bin'
[12.476s] Level 1:colcon.colcon_core.environment:checking '/home/stereocamera/ros2_gui/install/my_gui/lib/pkgconfig/my_gui.pc'
[12.477s] Level 1:colcon.colcon_core.environment:checking '/home/stereocamera/ros2_gui/install/my_gui/lib/python3.10/site-packages'
[12.478s] Level 1:colcon.colcon_core.shell:create_environment_hook('my_gui', 'pythonpath')
[12.547s] INFO:colcon.colcon_core.shell:Creating environment hook '/home/stereocamera/ros2_gui/install/my_gui/share/my_gui/hook/pythonpath.ps1'
[12.549s] INFO:colcon.colcon_core.shell:Creating environment descriptor '/home/stereocamera/ros2_gui/install/my_gui/share/my_gui/hook/pythonpath.dsv'
[12.551s] INFO:colcon.colcon_core.shell:Creating environment hook '/home/stereocamera/ros2_gui/install/my_gui/share/my_gui/hook/pythonpath.sh'
[12.553s] Level 1:colcon.colcon_core.environment:checking '/home/stereocamera/ros2_gui/install/my_gui/bin'
[12.554s] Level 1:colcon.colcon_core.environment:create_environment_scripts_only(my_gui)
[12.628s] INFO:colcon.colcon_core.shell:Creating package script '/home/stereocamera/ros2_gui/install/my_gui/share/my_gui/package.ps1'
[12.632s] INFO:colcon.colcon_core.shell:Creating package descriptor '/home/stereocamera/ros2_gui/install/my_gui/share/my_gui/package.dsv'
[12.635s] INFO:colcon.colcon_core.shell:Creating package script '/home/stereocamera/ros2_gui/install/my_gui/share/my_gui/package.sh'
[12.642s] INFO:colcon.colcon_core.shell:Creating package script '/home/stereocamera/ros2_gui/install/my_gui/share/my_gui/package.bash'
[12.648s] INFO:colcon.colcon_core.shell:Creating package script '/home/stereocamera/ros2_gui/install/my_gui/share/my_gui/package.zsh'
[12.653s] Level 1:colcon.colcon_core.environment:create_file_with_runtime_dependencies(/home/stereocamera/ros2_gui/install/my_gui/share/colcon-core/packages/my_gui)
[12.655s] DEBUG:colcon.colcon_parallel_executor.executor.parallel:closing loop
[12.656s] DEBUG:colcon.colcon_parallel_executor.executor.parallel:loop closed
[12.656s] DEBUG:colcon.colcon_parallel_executor.executor.parallel:run_until_complete finished with '0'
[12.657s] DEBUG:colcon.colcon_core.event_reactor:joining thread
[12.767s] INFO:colcon.colcon_core.plugin_system:Skipping extension 'colcon_notification.desktop_notification.terminal_notifier': Not used on non-Darwin systems
[12.767s] INFO:colcon.colcon_core.plugin_system:Skipping extension 'colcon_notification.desktop_notification.win32': Not used on non-Windows systems
[12.768s] INFO:colcon.colcon_notification.desktop_notification:Sending desktop notification using 'notify2'
[12.892s] DEBUG:colcon.colcon_core.event_reactor:joined thread
[13.055s] INFO:colcon.colcon_core.shell:Creating prefix script '/home/stereocamera/ros2_gui/install/local_setup.ps1'
[13.060s] INFO:colcon.colcon_core.shell:Creating prefix util module '/home/stereocamera/ros2_gui/install/_local_setup_util_ps1.py'
[13.068s] INFO:colcon.colcon_core.shell:Creating prefix chain script '/home/stereocamera/ros2_gui/install/setup.ps1'
[13.235s] INFO:colcon.colcon_core.shell:Creating prefix script '/home/stereocamera/ros2_gui/install/local_setup.sh'
[13.239s] INFO:colcon.colcon_core.shell:Creating prefix util module '/home/stereocamera/ros2_gui/install/_local_setup_util_sh.py'
[13.241s] INFO:colcon.colcon_core.shell:Creating prefix chain script '/home/stereocamera/ros2_gui/install/setup.sh'
[13.312s] INFO:colcon.colcon_core.shell:Creating prefix script '/home/stereocamera/ros2_gui/install/local_setup.bash'
[13.317s] INFO:colcon.colcon_core.shell:Creating prefix chain script '/home/stereocamera/ros2_gui/install/setup.bash'
[13.388s] INFO:colcon.colcon_core.shell:Creating prefix script '/home/stereocamera/ros2_gui/install/local_setup.zsh'
[13.392s] INFO:colcon.colcon_core.shell:Creating prefix chain script '/home/stereocamera/ros2_gui/install/setup.zsh'
