[13.958s] DEBUG:colcon:Command line arguments: ['/usr/bin/colcon', 'build']
[13.958s] DEBUG:colcon:Parsed command line arguments: Namespace(log_base=None, log_level=None, verb_name='build', build_base='build', install_base='install', merge_install=False, symlink_install=False, test_result_base=None, continue_on_error=False, executor='parallel', parallel_workers=4, event_handlers=None, ignore_user_meta=False, metas=['./colcon.meta'], base_paths=['.'], packages_ignore=None, packages_ignore_regex=None, paths=None, packages_up_to=None, packages_up_to_regex=None, packages_above=None, packages_above_and_dependencies=None, packages_above_depth=None, packages_select_by_dep=None, packages_skip_by_dep=None, packages_skip_up_to=None, packages_select_build_failed=False, packages_skip_build_finished=False, packages_select_test_failures=False, packages_skip_test_passed=False, packages_select=None, packages_skip=None, packages_select_regex=None, packages_skip_regex=None, packages_start=None, packages_end=None, allow_overriding=[], cmake_args=None, cmake_target=None, cmake_target_skip_unavailable=False, cmake_clean_cache=False, cmake_clean_first=False, cmake_force_configure=False, ament_cmake_args=None, catkin_cmake_args=None, catkin_skip_building_tests=False, verb_parser=<colcon_defaults.argument_parser.defaults.DefaultArgumentsDecorator object at 0xffff8750db10>, verb_extension=<colcon_core.verb.build.BuildVerb object at 0xffff87821180>, main=<bound method BuildVerb.main of <colcon_core.verb.build.BuildVerb object at 0xffff87821180>>)
[14.579s] Level 1:colcon.colcon_core.package_discovery:discover_packages(colcon_meta) check parameters
[14.580s] Level 1:colcon.colcon_core.package_discovery:discover_packages(recursive) check parameters
[14.581s] Level 1:colcon.colcon_core.package_discovery:discover_packages(ignore) check parameters
[14.581s] Level 1:colcon.colcon_core.package_discovery:discover_packages(path) check parameters
[14.581s] Level 1:colcon.colcon_core.package_discovery:discover_packages(colcon_meta) discover
[14.582s] Level 1:colcon.colcon_core.package_discovery:discover_packages(recursive) discover
[14.584s] INFO:colcon.colcon_core.package_discovery:Crawling recursively for packages in '/home/stereocamera/ros2_gui'
[14.586s] Level 1:colcon.colcon_core.package_identification:_identify(.) by extensions ['ignore', 'ignore_ament_install']
[14.587s] Level 1:colcon.colcon_core.package_identification:_identify(.) by extension 'ignore'
[14.588s] Level 1:colcon.colcon_core.package_identification:_identify(.) by extension 'ignore_ament_install'
[14.589s] Level 1:colcon.colcon_core.package_identification:_identify(.) by extensions ['colcon_pkg']
[14.590s] Level 1:colcon.colcon_core.package_identification:_identify(.) by extension 'colcon_pkg'
[14.591s] Level 1:colcon.colcon_core.package_identification:_identify(.) by extensions ['colcon_meta']
[14.592s] Level 1:colcon.colcon_core.package_identification:_identify(.) by extension 'colcon_meta'
[14.593s] Level 1:colcon.colcon_core.package_identification:_identify(.) by extensions ['ros']
[14.593s] Level 1:colcon.colcon_core.package_identification:_identify(.) by extension 'ros'
[14.687s] Level 1:colcon.colcon_core.package_identification:_identify(.) by extensions ['cmake', 'python']
[14.687s] Level 1:colcon.colcon_core.package_identification:_identify(.) by extension 'cmake'
[14.687s] Level 1:colcon.colcon_core.package_identification:_identify(.) by extension 'python'
[14.688s] Level 1:colcon.colcon_core.package_identification:_identify(.) by extensions ['python_setup_py']
[14.688s] Level 1:colcon.colcon_core.package_identification:_identify(.) by extension 'python_setup_py'
[14.689s] Level 1:colcon.colcon_core.package_identification:_identify(build) by extensions ['ignore', 'ignore_ament_install']
[14.690s] Level 1:colcon.colcon_core.package_identification:_identify(build) by extension 'ignore'
[14.690s] Level 1:colcon.colcon_core.package_identification:_identify(build) ignored
[14.691s] Level 1:colcon.colcon_core.package_identification:_identify(install) by extensions ['ignore', 'ignore_ament_install']
[14.692s] Level 1:colcon.colcon_core.package_identification:_identify(install) by extension 'ignore'
[14.693s] Level 1:colcon.colcon_core.package_identification:_identify(install) ignored
[14.694s] Level 1:colcon.colcon_core.package_identification:_identify(log) by extensions ['ignore', 'ignore_ament_install']
[14.695s] Level 1:colcon.colcon_core.package_identification:_identify(log) by extension 'ignore'
[14.695s] Level 1:colcon.colcon_core.package_identification:_identify(log) ignored
[14.696s] Level 1:colcon.colcon_core.package_identification:_identify(src) by extensions ['ignore', 'ignore_ament_install']
[14.697s] Level 1:colcon.colcon_core.package_identification:_identify(src) by extension 'ignore'
[14.698s] Level 1:colcon.colcon_core.package_identification:_identify(src) by extension 'ignore_ament_install'
[14.699s] Level 1:colcon.colcon_core.package_identification:_identify(src) by extensions ['colcon_pkg']
[14.699s] Level 1:colcon.colcon_core.package_identification:_identify(src) by extension 'colcon_pkg'
[14.699s] Level 1:colcon.colcon_core.package_identification:_identify(src) by extensions ['colcon_meta']
[14.700s] Level 1:colcon.colcon_core.package_identification:_identify(src) by extension 'colcon_meta'
[14.701s] Level 1:colcon.colcon_core.package_identification:_identify(src) by extensions ['ros']
[14.701s] Level 1:colcon.colcon_core.package_identification:_identify(src) by extension 'ros'
[14.702s] Level 1:colcon.colcon_core.package_identification:_identify(src) by extensions ['cmake', 'python']
[14.703s] Level 1:colcon.colcon_core.package_identification:_identify(src) by extension 'cmake'
[14.704s] Level 1:colcon.colcon_core.package_identification:_identify(src) by extension 'python'
[14.705s] Level 1:colcon.colcon_core.package_identification:_identify(src) by extensions ['python_setup_py']
[14.705s] Level 1:colcon.colcon_core.package_identification:_identify(src) by extension 'python_setup_py'
[14.706s] Level 1:colcon.colcon_core.package_identification:_identify(src/build) by extensions ['ignore', 'ignore_ament_install']
[14.707s] Level 1:colcon.colcon_core.package_identification:_identify(src/build) by extension 'ignore'
[14.707s] Level 1:colcon.colcon_core.package_identification:_identify(src/build) ignored
[14.708s] Level 1:colcon.colcon_core.package_identification:_identify(src/install) by extensions ['ignore', 'ignore_ament_install']
[14.709s] Level 1:colcon.colcon_core.package_identification:_identify(src/install) by extension 'ignore'
[14.710s] Level 1:colcon.colcon_core.package_identification:_identify(src/install) ignored
[14.713s] Level 1:colcon.colcon_core.package_identification:_identify(src/log) by extensions ['ignore', 'ignore_ament_install']
[14.714s] Level 1:colcon.colcon_core.package_identification:_identify(src/log) by extension 'ignore'
[14.715s] Level 1:colcon.colcon_core.package_identification:_identify(src/log) ignored
[14.716s] Level 1:colcon.colcon_core.package_identification:_identify(src/my_gui) by extensions ['ignore', 'ignore_ament_install']
[14.717s] Level 1:colcon.colcon_core.package_identification:_identify(src/my_gui) by extension 'ignore'
[14.718s] Level 1:colcon.colcon_core.package_identification:_identify(src/my_gui) by extension 'ignore_ament_install'
[14.719s] Level 1:colcon.colcon_core.package_identification:_identify(src/my_gui) by extensions ['colcon_pkg']
[14.719s] Level 1:colcon.colcon_core.package_identification:_identify(src/my_gui) by extension 'colcon_pkg'
[14.720s] Level 1:colcon.colcon_core.package_identification:_identify(src/my_gui) by extensions ['colcon_meta']
[14.721s] Level 1:colcon.colcon_core.package_identification:_identify(src/my_gui) by extension 'colcon_meta'
[14.722s] Level 1:colcon.colcon_core.package_identification:_identify(src/my_gui) by extensions ['ros']
[14.723s] Level 1:colcon.colcon_core.package_identification:_identify(src/my_gui) by extension 'ros'
[14.746s] DEBUG:colcon.colcon_core.package_identification:Package 'src/my_gui' with type 'ros.ament_python' and name 'my_gui'
[14.746s] Level 1:colcon.colcon_core.package_discovery:discover_packages(recursive) using defaults
[14.746s] Level 1:colcon.colcon_core.package_discovery:discover_packages(ignore) discover
[14.747s] Level 1:colcon.colcon_core.package_discovery:discover_packages(ignore) using defaults
[14.747s] Level 1:colcon.colcon_core.package_discovery:discover_packages(path) discover
[14.747s] Level 1:colcon.colcon_core.package_discovery:discover_packages(path) using defaults
[15.999s] Level 1:colcon.colcon_core.package_discovery:discover_packages(prefix_path) check parameters
[15.999s] Level 1:colcon.colcon_core.package_discovery:discover_packages(prefix_path) discover
[16.494s] DEBUG:colcon.colcon_installed_package_information.package_discovery:Found 1 installed packages in /home/stereocamera/ros2_stereo_camera_analyse/install
[16.679s] DEBUG:colcon.colcon_installed_package_information.package_discovery:Found 1 installed packages in /home/stereocamera/ros2_3D/install
[16.887s] DEBUG:colcon.colcon_installed_package_information.package_discovery:Found 1 installed packages in /home/stereocamera/ros2_gui/install
[17.063s] DEBUG:colcon.colcon_installed_package_information.package_discovery:Found 273 installed packages in /opt/ros/humble
[17.071s] Level 1:colcon.colcon_core.package_discovery:discover_packages(prefix_path) using defaults
[18.251s] Level 5:colcon.colcon_core.verb:set package 'my_gui' build argument 'cmake_args' from command line to 'None'
[18.252s] Level 5:colcon.colcon_core.verb:set package 'my_gui' build argument 'cmake_target' from command line to 'None'
[18.253s] Level 5:colcon.colcon_core.verb:set package 'my_gui' build argument 'cmake_target_skip_unavailable' from command line to 'False'
[18.253s] Level 5:colcon.colcon_core.verb:set package 'my_gui' build argument 'cmake_clean_cache' from command line to 'False'
[18.254s] Level 5:colcon.colcon_core.verb:set package 'my_gui' build argument 'cmake_clean_first' from command line to 'False'
[18.254s] Level 5:colcon.colcon_core.verb:set package 'my_gui' build argument 'cmake_force_configure' from command line to 'False'
[18.254s] Level 5:colcon.colcon_core.verb:set package 'my_gui' build argument 'ament_cmake_args' from command line to 'None'
[18.255s] Level 5:colcon.colcon_core.verb:set package 'my_gui' build argument 'catkin_cmake_args' from command line to 'None'
[18.255s] Level 5:colcon.colcon_core.verb:set package 'my_gui' build argument 'catkin_skip_building_tests' from command line to 'False'
[18.255s] DEBUG:colcon.colcon_core.verb:Building package 'my_gui' with the following arguments: {'ament_cmake_args': None, 'build_base': '/home/stereocamera/ros2_gui/build/my_gui', 'catkin_cmake_args': None, 'catkin_skip_building_tests': False, 'cmake_args': None, 'cmake_clean_cache': False, 'cmake_clean_first': False, 'cmake_force_configure': False, 'cmake_target': None, 'cmake_target_skip_unavailable': False, 'install_base': '/home/stereocamera/ros2_gui/install/my_gui', 'merge_install': False, 'path': '/home/stereocamera/ros2_gui/src/my_gui', 'symlink_install': False, 'test_result_base': None}
[18.488s] INFO:colcon.colcon_core.executor:Executing jobs using 'parallel' executor
[18.743s] DEBUG:colcon.colcon_parallel_executor.executor.parallel:run_until_complete
[18.745s] INFO:colcon.colcon_ros.task.ament_python.build:Building ROS package in '/home/stereocamera/ros2_gui/src/my_gui' with build type 'ament_python'
[18.746s] Level 1:colcon.colcon_core.shell:create_environment_hook('my_gui', 'ament_prefix_path')
[19.008s] INFO:colcon.colcon_core.plugin_system:Skipping extension 'colcon_core.shell.bat': Not used on non-Windows systems
[19.011s] INFO:colcon.colcon_core.shell:Creating environment hook '/home/stereocamera/ros2_gui/install/my_gui/share/my_gui/hook/ament_prefix_path.ps1'
[19.023s] INFO:colcon.colcon_core.shell:Creating environment descriptor '/home/stereocamera/ros2_gui/install/my_gui/share/my_gui/hook/ament_prefix_path.dsv'
[19.030s] INFO:colcon.colcon_core.shell:Creating environment hook '/home/stereocamera/ros2_gui/install/my_gui/share/my_gui/hook/ament_prefix_path.sh'
[19.230s] INFO:colcon.colcon_core.shell:Skip shell extension 'powershell' for command environment: Not usable outside of PowerShell
[19.231s] DEBUG:colcon.colcon_core.shell:Skip shell extension 'dsv' for command environment
[23.034s] INFO:colcon.colcon_core.task.python.build:Building Python package in '/home/stereocamera/ros2_gui/src/my_gui'
[23.190s] INFO:colcon.colcon_core.shell:Skip shell extension 'powershell' for command environment: Not usable outside of PowerShell
[23.190s] DEBUG:colcon.colcon_core.shell:Skip shell extension 'dsv' for command environment
[27.300s] DEBUG:colcon.colcon_core.event_handler.log_command:Invoking command in '/home/stereocamera/ros2_gui/src/my_gui': PYTHONPATH=/home/stereocamera/ros2_gui/build/my_gui/prefix_override:/home/stereocamera/ros2_gui/install/my_gui/lib/python3.10/site-packages:${PYTHONPATH} /usr/bin/python3 setup.py egg_info --egg-base ../../build/my_gui build --build-base /home/stereocamera/ros2_gui/build/my_gui/build install --record /home/stereocamera/ros2_gui/build/my_gui/install.log --single-version-externally-managed
[29.113s] DEBUG:colcon.colcon_core.event_handler.log_command:Invoked command in '/home/stereocamera/ros2_gui/src/my_gui' returned '0': PYTHONPATH=/home/stereocamera/ros2_gui/build/my_gui/prefix_override:/home/stereocamera/ros2_gui/install/my_gui/lib/python3.10/site-packages:${PYTHONPATH} /usr/bin/python3 setup.py egg_info --egg-base ../../build/my_gui build --build-base /home/stereocamera/ros2_gui/build/my_gui/build install --record /home/stereocamera/ros2_gui/build/my_gui/install.log --single-version-externally-managed
[29.232s] Level 1:colcon.colcon_core.environment:checking '/home/stereocamera/ros2_gui/install/my_gui' for CMake module files
[29.234s] Level 1:colcon.colcon_core.environment:checking '/home/stereocamera/ros2_gui/install/my_gui' for CMake config files
[29.238s] Level 1:colcon.colcon_core.environment:checking '/home/stereocamera/ros2_gui/install/my_gui/lib'
[29.239s] Level 1:colcon.colcon_core.environment:checking '/home/stereocamera/ros2_gui/install/my_gui/bin'
[29.239s] Level 1:colcon.colcon_core.environment:checking '/home/stereocamera/ros2_gui/install/my_gui/lib/pkgconfig/my_gui.pc'
[29.240s] Level 1:colcon.colcon_core.environment:checking '/home/stereocamera/ros2_gui/install/my_gui/lib/python3.10/site-packages'
[29.240s] Level 1:colcon.colcon_core.shell:create_environment_hook('my_gui', 'pythonpath')
[29.309s] INFO:colcon.colcon_core.shell:Creating environment hook '/home/stereocamera/ros2_gui/install/my_gui/share/my_gui/hook/pythonpath.ps1'
[29.311s] INFO:colcon.colcon_core.shell:Creating environment descriptor '/home/stereocamera/ros2_gui/install/my_gui/share/my_gui/hook/pythonpath.dsv'
[29.312s] INFO:colcon.colcon_core.shell:Creating environment hook '/home/stereocamera/ros2_gui/install/my_gui/share/my_gui/hook/pythonpath.sh'
[29.315s] Level 1:colcon.colcon_core.environment:checking '/home/stereocamera/ros2_gui/install/my_gui/bin'
[29.316s] Level 1:colcon.colcon_core.environment:create_environment_scripts_only(my_gui)
[29.386s] INFO:colcon.colcon_core.shell:Creating package script '/home/stereocamera/ros2_gui/install/my_gui/share/my_gui/package.ps1'
[29.389s] INFO:colcon.colcon_core.shell:Creating package descriptor '/home/stereocamera/ros2_gui/install/my_gui/share/my_gui/package.dsv'
[29.392s] INFO:colcon.colcon_core.shell:Creating package script '/home/stereocamera/ros2_gui/install/my_gui/share/my_gui/package.sh'
[29.395s] INFO:colcon.colcon_core.shell:Creating package script '/home/stereocamera/ros2_gui/install/my_gui/share/my_gui/package.bash'
[29.399s] INFO:colcon.colcon_core.shell:Creating package script '/home/stereocamera/ros2_gui/install/my_gui/share/my_gui/package.zsh'
[29.402s] Level 1:colcon.colcon_core.environment:create_file_with_runtime_dependencies(/home/stereocamera/ros2_gui/install/my_gui/share/colcon-core/packages/my_gui)
[29.403s] DEBUG:colcon.colcon_parallel_executor.executor.parallel:closing loop
[29.404s] DEBUG:colcon.colcon_parallel_executor.executor.parallel:loop closed
[29.405s] DEBUG:colcon.colcon_parallel_executor.executor.parallel:run_until_complete finished with '0'
[29.405s] DEBUG:colcon.colcon_core.event_reactor:joining thread
[29.506s] INFO:colcon.colcon_core.plugin_system:Skipping extension 'colcon_notification.desktop_notification.terminal_notifier': Not used on non-Darwin systems
[29.506s] INFO:colcon.colcon_core.plugin_system:Skipping extension 'colcon_notification.desktop_notification.win32': Not used on non-Windows systems
[29.507s] INFO:colcon.colcon_notification.desktop_notification:Sending desktop notification using 'notify2'
[29.567s] DEBUG:colcon.colcon_core.event_reactor:joined thread
[29.726s] INFO:colcon.colcon_core.shell:Creating prefix script '/home/stereocamera/ros2_gui/install/local_setup.ps1'
[29.732s] INFO:colcon.colcon_core.shell:Creating prefix util module '/home/stereocamera/ros2_gui/install/_local_setup_util_ps1.py'
[29.739s] INFO:colcon.colcon_core.shell:Creating prefix chain script '/home/stereocamera/ros2_gui/install/setup.ps1'
[29.848s] INFO:colcon.colcon_core.shell:Creating prefix script '/home/stereocamera/ros2_gui/install/local_setup.sh'
[29.851s] INFO:colcon.colcon_core.shell:Creating prefix util module '/home/stereocamera/ros2_gui/install/_local_setup_util_sh.py'
[29.853s] INFO:colcon.colcon_core.shell:Creating prefix chain script '/home/stereocamera/ros2_gui/install/setup.sh'
[29.949s] INFO:colcon.colcon_core.shell:Creating prefix script '/home/stereocamera/ros2_gui/install/local_setup.bash'
[29.951s] INFO:colcon.colcon_core.shell:Creating prefix chain script '/home/stereocamera/ros2_gui/install/setup.bash'
[30.049s] INFO:colcon.colcon_core.shell:Creating prefix script '/home/stereocamera/ros2_gui/install/local_setup.zsh'
[30.051s] INFO:colcon.colcon_core.shell:Creating prefix chain script '/home/stereocamera/ros2_gui/install/setup.zsh'
